[2025-12-17T08:25:25.091+0000] {local_task_job_runner.py:123} INFO - ::group::Pre task execution logs
[2025-12-17T08:25:25.126+0000] {taskinstance.py:2612} INFO - Dependencies all met for dep_context=non-requeueable deps ti=<TaskInstance: weather_extract_only.extract_weather manual__2025-12-17T08:25:23.263910+00:00 [queued]>
[2025-12-17T08:25:25.136+0000] {taskinstance.py:2612} INFO - Dependencies all met for dep_context=requeueable deps ti=<TaskInstance: weather_extract_only.extract_weather manual__2025-12-17T08:25:23.263910+00:00 [queued]>
[2025-12-17T08:25:25.137+0000] {taskinstance.py:2865} INFO - Starting attempt 1 of 1
[2025-12-17T08:25:25.190+0000] {taskinstance.py:2888} INFO - Executing <Task(_PythonDecoratedOperator): extract_weather> on 2025-12-17 08:25:23.263910+00:00
[2025-12-17T08:25:25.216+0000] {logging_mixin.py:190} WARNING - /home/***/.local/lib/python3.12/site-packages/***/task/task_runner/standard_task_runner.py:70 DeprecationWarning: This process (pid=1391) is multi-threaded, use of fork() may lead to deadlocks in the child.
[2025-12-17T08:25:25.210+0000] {standard_task_runner.py:104} INFO - Running: ['***', 'tasks', 'run', 'weather_extract_only', 'extract_weather', 'manual__2025-12-17T08:25:23.263910+00:00', '--job-id', '11', '--raw', '--subdir', 'DAGS_FOLDER/weather_extract_only.py', '--cfg-path', '/tmp/tmp7g0j05hp']
[2025-12-17T08:25:25.217+0000] {standard_task_runner.py:72} INFO - Started process 1393 to run task
[2025-12-17T08:25:25.217+0000] {standard_task_runner.py:105} INFO - Job 11: Subtask extract_weather
[2025-12-17T08:25:25.327+0000] {task_command.py:467} INFO - Running <TaskInstance: weather_extract_only.extract_weather manual__2025-12-17T08:25:23.263910+00:00 [running]> on host 1373fe423978
[2025-12-17T08:25:25.517+0000] {taskinstance.py:3131} INFO - Exporting env vars: AIRFLOW_CTX_DAG_OWNER='***' AIRFLOW_CTX_DAG_ID='weather_extract_only' AIRFLOW_CTX_TASK_ID='extract_weather' AIRFLOW_CTX_EXECUTION_DATE='2025-12-17T08:25:23.263910+00:00' AIRFLOW_CTX_TRY_NUMBER='1' AIRFLOW_CTX_DAG_RUN_ID='manual__2025-12-17T08:25:23.263910+00:00'
[2025-12-17T08:25:25.520+0000] {taskinstance.py:731} INFO - ::endgroup::
[2025-12-17T08:25:25.673+0000] {logging_mixin.py:190} INFO - Current weather data:
[2025-12-17T08:25:25.674+0000] {logging_mixin.py:190} INFO - {'time': '2025-12-17T08:15', 'interval': 900, 'temperature': 0.8, 'windspeed': 6.8, 'winddirection': 162, 'is_day': 1, 'weathercode': 45}
[2025-12-17T08:25:25.675+0000] {python.py:240} INFO - Done. Returned value was: {'time': '2025-12-17T08:15', 'interval': 900, 'temperature': 0.8, 'windspeed': 6.8, 'winddirection': 162, 'is_day': 1, 'weathercode': 45}
[2025-12-17T08:25:25.722+0000] {taskinstance.py:340} INFO - ::group::Post task execution logs
[2025-12-17T08:25:25.722+0000] {taskinstance.py:352} INFO - Marking task as SUCCESS. dag_id=weather_extract_only, task_id=extract_weather, run_id=manual__2025-12-17T08:25:23.263910+00:00, execution_date=20251217T082523, start_date=20251217T082525, end_date=20251217T082525
[2025-12-17T08:25:25.783+0000] {local_task_job_runner.py:266} INFO - Task exited with return code 0
[2025-12-17T08:25:25.829+0000] {taskinstance.py:3900} INFO - 1 downstream tasks scheduled from follow-on schedule check
[2025-12-17T08:25:25.866+0000] {local_task_job_runner.py:245} INFO - ::endgroup::
