[2025-12-14T15:05:38.905+0000] {local_task_job_runner.py:123} INFO - ::group::Pre task execution logs
[2025-12-14T15:05:38.923+0000] {taskinstance.py:2612} INFO - Dependencies all met for dep_context=non-requeueable deps ti=<TaskInstance: weather_extract_only.extract_weather manual__2025-12-14T15:05:38.355180+00:00 [queued]>
[2025-12-14T15:05:38.932+0000] {taskinstance.py:2612} INFO - Dependencies all met for dep_context=requeueable deps ti=<TaskInstance: weather_extract_only.extract_weather manual__2025-12-14T15:05:38.355180+00:00 [queued]>
[2025-12-14T15:05:38.933+0000] {taskinstance.py:2865} INFO - Starting attempt 1 of 1
[2025-12-14T15:05:38.947+0000] {taskinstance.py:2888} INFO - Executing <Task(_PythonDecoratedOperator): extract_weather> on 2025-12-14 15:05:38.355180+00:00
[2025-12-14T15:05:38.958+0000] {logging_mixin.py:190} WARNING - /home/***/.local/lib/python3.12/site-packages/***/task/task_runner/standard_task_runner.py:70 DeprecationWarning: This process (pid=1914) is multi-threaded, use of fork() may lead to deadlocks in the child.
[2025-12-14T15:05:38.955+0000] {standard_task_runner.py:104} INFO - Running: ['***', 'tasks', 'run', 'weather_extract_only', 'extract_weather', 'manual__2025-12-14T15:05:38.355180+00:00', '--job-id', '12', '--raw', '--subdir', 'DAGS_FOLDER/weather_extract_only.py', '--cfg-path', '/tmp/tmppd0x7sdr']
[2025-12-14T15:05:38.959+0000] {standard_task_runner.py:105} INFO - Job 12: Subtask extract_weather
[2025-12-14T15:05:38.959+0000] {standard_task_runner.py:72} INFO - Started process 1915 to run task
[2025-12-14T15:05:39.018+0000] {task_command.py:467} INFO - Running <TaskInstance: weather_extract_only.extract_weather manual__2025-12-14T15:05:38.355180+00:00 [running]> on host d598697a787e
[2025-12-14T15:05:39.124+0000] {taskinstance.py:3131} INFO - Exporting env vars: AIRFLOW_CTX_DAG_OWNER='***' AIRFLOW_CTX_DAG_ID='weather_extract_only' AIRFLOW_CTX_TASK_ID='extract_weather' AIRFLOW_CTX_EXECUTION_DATE='2025-12-14T15:05:38.355180+00:00' AIRFLOW_CTX_TRY_NUMBER='1' AIRFLOW_CTX_DAG_RUN_ID='manual__2025-12-14T15:05:38.355180+00:00'
[2025-12-14T15:05:39.125+0000] {taskinstance.py:731} INFO - ::endgroup::
[2025-12-14T15:05:39.277+0000] {logging_mixin.py:190} INFO - Current weather data:
[2025-12-14T15:05:39.278+0000] {logging_mixin.py:190} INFO - {'time': '2025-12-14T15:00', 'interval': 900, 'temperature': 3.0, 'windspeed': 4.3, 'winddirection': 138, 'is_day': 1, 'weathercode': 3}
[2025-12-14T15:05:39.278+0000] {python.py:240} INFO - Done. Returned value was: {'time': '2025-12-14T15:00', 'interval': 900, 'temperature': 3.0, 'windspeed': 4.3, 'winddirection': 138, 'is_day': 1, 'weathercode': 3}
[2025-12-14T15:05:39.310+0000] {taskinstance.py:340} INFO - ::group::Post task execution logs
[2025-12-14T15:05:39.310+0000] {taskinstance.py:352} INFO - Marking task as SUCCESS. dag_id=weather_extract_only, task_id=extract_weather, run_id=manual__2025-12-14T15:05:38.355180+00:00, execution_date=20251214T150538, start_date=20251214T150538, end_date=20251214T150539
[2025-12-14T15:05:39.335+0000] {local_task_job_runner.py:266} INFO - Task exited with return code 0
[2025-12-14T15:05:39.353+0000] {taskinstance.py:3900} INFO - 0 downstream tasks scheduled from follow-on schedule check
[2025-12-14T15:05:39.356+0000] {local_task_job_runner.py:245} INFO - ::endgroup::
