[2025-12-17T08:51:02.260+0000] {local_task_job_runner.py:123} INFO - ::group::Pre task execution logs
[2025-12-17T08:51:02.291+0000] {taskinstance.py:2612} INFO - Dependencies all met for dep_context=non-requeueable deps ti=<TaskInstance: weather_extract_only.load_weather manual__2025-12-17T08:50:57.467686+00:00 [queued]>
[2025-12-17T08:51:02.301+0000] {taskinstance.py:2612} INFO - Dependencies all met for dep_context=requeueable deps ti=<TaskInstance: weather_extract_only.load_weather manual__2025-12-17T08:50:57.467686+00:00 [queued]>
[2025-12-17T08:51:02.302+0000] {taskinstance.py:2865} INFO - Starting attempt 1 of 1
[2025-12-17T08:51:02.351+0000] {taskinstance.py:2888} INFO - Executing <Task(_PythonDecoratedOperator): load_weather> on 2025-12-17 08:50:57.467686+00:00
[2025-12-17T08:51:02.369+0000] {standard_task_runner.py:104} INFO - Running: ['***', 'tasks', 'run', 'weather_extract_only', 'load_weather', 'manual__2025-12-17T08:50:57.467686+00:00', '--job-id', '31', '--raw', '--subdir', 'DAGS_FOLDER/weather_extract_only.py', '--cfg-path', '/tmp/tmpd9cegp3n']
[2025-12-17T08:51:02.374+0000] {logging_mixin.py:190} WARNING - /home/***/.local/lib/python3.12/site-packages/***/task/task_runner/standard_task_runner.py:70 DeprecationWarning: This process (pid=383) is multi-threaded, use of fork() may lead to deadlocks in the child.
[2025-12-17T08:51:02.374+0000] {standard_task_runner.py:105} INFO - Job 31: Subtask load_weather
[2025-12-17T08:51:02.375+0000] {standard_task_runner.py:72} INFO - Started process 385 to run task
[2025-12-17T08:51:02.462+0000] {task_command.py:467} INFO - Running <TaskInstance: weather_extract_only.load_weather manual__2025-12-17T08:50:57.467686+00:00 [running]> on host 065fcf665856
[2025-12-17T08:51:02.670+0000] {taskinstance.py:3131} INFO - Exporting env vars: AIRFLOW_CTX_DAG_OWNER='***' AIRFLOW_CTX_DAG_ID='weather_extract_only' AIRFLOW_CTX_TASK_ID='load_weather' AIRFLOW_CTX_EXECUTION_DATE='2025-12-17T08:50:57.467686+00:00' AIRFLOW_CTX_TRY_NUMBER='1' AIRFLOW_CTX_DAG_RUN_ID='manual__2025-12-17T08:50:57.467686+00:00'
[2025-12-17T08:51:02.673+0000] {taskinstance.py:731} INFO - ::endgroup::
[2025-12-17T08:51:02.678+0000] {crypto.py:82} WARNING - empty cryptography key - values will not be stored encrypted.
[2025-12-17T08:51:02.679+0000] {base.py:84} INFO - Retrieving connection '***_db'
[2025-12-17T08:51:02.703+0000] {logging_mixin.py:190} INFO - Inserted 1 new rows
[2025-12-17T08:51:02.704+0000] {python.py:240} INFO - Done. Returned value was: 1
[2025-12-17T08:51:02.751+0000] {taskinstance.py:340} INFO - ::group::Post task execution logs
[2025-12-17T08:51:02.752+0000] {taskinstance.py:352} INFO - Marking task as SUCCESS. dag_id=***_extract_only, task_id=load_***, run_id=manual__2025-12-17T08:50:57.467686+00:00, execution_date=20251217T085057, start_date=20251217T085102, end_date=20251217T085102
[2025-12-17T08:51:02.798+0000] {local_task_job_runner.py:266} INFO - Task exited with return code 0
[2025-12-17T08:51:02.830+0000] {taskinstance.py:3900} INFO - 0 downstream tasks scheduled from follow-on schedule check
[2025-12-17T08:51:02.834+0000] {local_task_job_runner.py:245} INFO - ::endgroup::
