[2025-12-18T11:25:17.459+0000] {local_task_job_runner.py:123} INFO - ::group::Pre task execution logs
[2025-12-18T11:25:17.487+0000] {taskinstance.py:2612} INFO - Dependencies all met for dep_context=non-requeueable deps ti=<TaskInstance: weather_extract_only.extract_weather scheduled__2025-12-18T10:00:00+00:00 [queued]>
[2025-12-18T11:25:17.499+0000] {taskinstance.py:2612} INFO - Dependencies all met for dep_context=requeueable deps ti=<TaskInstance: weather_extract_only.extract_weather scheduled__2025-12-18T10:00:00+00:00 [queued]>
[2025-12-18T11:25:17.499+0000] {taskinstance.py:2865} INFO - Starting attempt 1 of 1
[2025-12-18T11:25:17.516+0000] {taskinstance.py:2888} INFO - Executing <Task(_PythonDecoratedOperator): extract_weather> on 2025-12-18 10:00:00+00:00
[2025-12-18T11:25:17.531+0000] {standard_task_runner.py:104} INFO - Running: ['***', 'tasks', 'run', 'weather_extract_only', 'extract_weather', 'scheduled__2025-12-18T10:00:00+00:00', '--job-id', '4', '--raw', '--subdir', 'DAGS_FOLDER/weather_extract_only.py', '--cfg-path', '/tmp/tmp4ou8uc_q']
[2025-12-18T11:25:17.537+0000] {standard_task_runner.py:105} INFO - Job 4: Subtask extract_weather
[2025-12-18T11:25:17.538+0000] {logging_mixin.py:190} WARNING - /home/***/.local/lib/python3.12/site-packages/***/task/task_runner/standard_task_runner.py:70 DeprecationWarning: This process (pid=202) is multi-threaded, use of fork() may lead to deadlocks in the child.
[2025-12-18T11:25:17.539+0000] {standard_task_runner.py:72} INFO - Started process 206 to run task
[2025-12-18T11:25:17.668+0000] {task_command.py:467} INFO - Running <TaskInstance: weather_extract_only.extract_weather scheduled__2025-12-18T10:00:00+00:00 [running]> on host b387a720fa12
[2025-12-18T11:25:17.832+0000] {taskinstance.py:3131} INFO - Exporting env vars: AIRFLOW_CTX_DAG_OWNER='***' AIRFLOW_CTX_DAG_ID='weather_extract_only' AIRFLOW_CTX_TASK_ID='extract_weather' AIRFLOW_CTX_EXECUTION_DATE='2025-12-18T10:00:00+00:00' AIRFLOW_CTX_TRY_NUMBER='1' AIRFLOW_CTX_DAG_RUN_ID='scheduled__2025-12-18T10:00:00+00:00'
[2025-12-18T11:25:17.834+0000] {taskinstance.py:731} INFO - ::endgroup::
[2025-12-18T11:25:18.008+0000] {logging_mixin.py:190} INFO - Current weather data:
[2025-12-18T11:25:18.009+0000] {logging_mixin.py:190} INFO - {'time': '2025-12-18T11:15', 'interval': 900, 'temperature': 2.8, 'windspeed': 3.3, 'winddirection': 77, 'is_day': 1, 'weathercode': 45}
[2025-12-18T11:25:18.009+0000] {python.py:240} INFO - Done. Returned value was: {'time': '2025-12-18T11:15', 'interval': 900, 'temperature': 2.8, 'windspeed': 3.3, 'winddirection': 77, 'is_day': 1, 'weathercode': 45}
[2025-12-18T11:25:18.085+0000] {taskinstance.py:340} INFO - ::group::Post task execution logs
[2025-12-18T11:25:18.086+0000] {taskinstance.py:352} INFO - Marking task as SUCCESS. dag_id=weather_extract_only, task_id=extract_weather, run_id=scheduled__2025-12-18T10:00:00+00:00, execution_date=20251218T100000, start_date=20251218T112517, end_date=20251218T112518
[2025-12-18T11:25:18.127+0000] {local_task_job_runner.py:266} INFO - Task exited with return code 0
[2025-12-18T11:25:18.170+0000] {taskinstance.py:3900} INFO - 1 downstream tasks scheduled from follow-on schedule check
[2025-12-18T11:25:18.207+0000] {local_task_job_runner.py:245} INFO - ::endgroup::
