[2025-12-14T15:33:03.265+0000] {local_task_job_runner.py:123} INFO - ::group::Pre task execution logs
[2025-12-14T15:33:03.286+0000] {taskinstance.py:2612} INFO - Dependencies all met for dep_context=non-requeueable deps ti=<TaskInstance: weather_extract_only.extract_weather manual__2025-12-14T15:33:02.083778+00:00 [queued]>
[2025-12-14T15:33:03.294+0000] {taskinstance.py:2612} INFO - Dependencies all met for dep_context=requeueable deps ti=<TaskInstance: weather_extract_only.extract_weather manual__2025-12-14T15:33:02.083778+00:00 [queued]>
[2025-12-14T15:33:03.295+0000] {taskinstance.py:2865} INFO - Starting attempt 1 of 1
[2025-12-14T15:33:03.307+0000] {taskinstance.py:2888} INFO - Executing <Task(_PythonDecoratedOperator): extract_weather> on 2025-12-14 15:33:02.083778+00:00
[2025-12-14T15:33:03.318+0000] {standard_task_runner.py:104} INFO - Running: ['***', 'tasks', 'run', 'weather_extract_only', 'extract_weather', 'manual__2025-12-14T15:33:02.083778+00:00', '--job-id', '25', '--raw', '--subdir', 'DAGS_FOLDER/weather_extract_only.py', '--cfg-path', '/tmp/tmp07yegq3u']
[2025-12-14T15:33:03.322+0000] {standard_task_runner.py:105} INFO - Job 25: Subtask extract_weather
[2025-12-14T15:33:03.322+0000] {logging_mixin.py:190} WARNING - /home/***/.local/lib/python3.12/site-packages/***/task/task_runner/standard_task_runner.py:70 DeprecationWarning: This process (pid=2283) is multi-threaded, use of fork() may lead to deadlocks in the child.
[2025-12-14T15:33:03.323+0000] {standard_task_runner.py:72} INFO - Started process 2284 to run task
[2025-12-14T15:33:03.383+0000] {task_command.py:467} INFO - Running <TaskInstance: weather_extract_only.extract_weather manual__2025-12-14T15:33:02.083778+00:00 [running]> on host d598697a787e
[2025-12-14T15:33:03.480+0000] {taskinstance.py:3131} INFO - Exporting env vars: AIRFLOW_CTX_DAG_OWNER='***' AIRFLOW_CTX_DAG_ID='weather_extract_only' AIRFLOW_CTX_TASK_ID='extract_weather' AIRFLOW_CTX_EXECUTION_DATE='2025-12-14T15:33:02.083778+00:00' AIRFLOW_CTX_TRY_NUMBER='1' AIRFLOW_CTX_DAG_RUN_ID='manual__2025-12-14T15:33:02.083778+00:00'
[2025-12-14T15:33:03.482+0000] {taskinstance.py:731} INFO - ::endgroup::
[2025-12-14T15:33:03.632+0000] {logging_mixin.py:190} INFO - Current weather data:
[2025-12-14T15:33:03.633+0000] {logging_mixin.py:190} INFO - {'time': '2025-12-14T15:30', 'interval': 900, 'temperature': 2.8, 'windspeed': 4.6, 'winddirection': 141, 'is_day': 0, 'weathercode': 3}
[2025-12-14T15:33:03.633+0000] {python.py:240} INFO - Done. Returned value was: {'time': '2025-12-14T15:30', 'interval': 900, 'temperature': 2.8, 'windspeed': 4.6, 'winddirection': 141, 'is_day': 0, 'weathercode': 3}
[2025-12-14T15:33:03.661+0000] {taskinstance.py:340} INFO - ::group::Post task execution logs
[2025-12-14T15:33:03.661+0000] {taskinstance.py:352} INFO - Marking task as SUCCESS. dag_id=weather_extract_only, task_id=extract_weather, run_id=manual__2025-12-14T15:33:02.083778+00:00, execution_date=20251214T153302, start_date=20251214T153303, end_date=20251214T153303
[2025-12-14T15:33:03.699+0000] {local_task_job_runner.py:266} INFO - Task exited with return code 0
[2025-12-14T15:33:03.724+0000] {taskinstance.py:3900} INFO - 1 downstream tasks scheduled from follow-on schedule check
[2025-12-14T15:33:03.727+0000] {local_task_job_runner.py:245} INFO - ::endgroup::
