[2025-12-14T10:39:10.369+0000] {local_task_job_runner.py:123} INFO - ::group::Pre task execution logs
[2025-12-14T10:39:10.389+0000] {taskinstance.py:2612} INFO - Dependencies all met for dep_context=non-requeueable deps ti=<TaskInstance: weather_extract_only.extract_weather manual__2025-12-14T10:39:10.131189+00:00 [queued]>
[2025-12-14T10:39:10.399+0000] {taskinstance.py:2612} INFO - Dependencies all met for dep_context=requeueable deps ti=<TaskInstance: weather_extract_only.extract_weather manual__2025-12-14T10:39:10.131189+00:00 [queued]>
[2025-12-14T10:39:10.399+0000] {taskinstance.py:2865} INFO - Starting attempt 1 of 1
[2025-12-14T10:39:10.410+0000] {taskinstance.py:2888} INFO - Executing <Task(_PythonDecoratedOperator): extract_weather> on 2025-12-14 10:39:10.131189+00:00
[2025-12-14T10:39:10.423+0000] {logging_mixin.py:190} WARNING - /home/***/.local/lib/python3.12/site-packages/***/task/task_runner/standard_task_runner.py:70 DeprecationWarning: This process (pid=490) is multi-threaded, use of fork() may lead to deadlocks in the child.
[2025-12-14T10:39:10.421+0000] {standard_task_runner.py:104} INFO - Running: ['***', 'tasks', 'run', 'weather_extract_only', 'extract_weather', 'manual__2025-12-14T10:39:10.131189+00:00', '--job-id', '4', '--raw', '--subdir', 'DAGS_FOLDER/weather_extract_only.py', '--cfg-path', '/tmp/tmpw1bd5y9w']
[2025-12-14T10:39:10.423+0000] {standard_task_runner.py:105} INFO - Job 4: Subtask extract_weather
[2025-12-14T10:39:10.423+0000] {standard_task_runner.py:72} INFO - Started process 491 to run task
[2025-12-14T10:39:10.480+0000] {task_command.py:467} INFO - Running <TaskInstance: weather_extract_only.extract_weather manual__2025-12-14T10:39:10.131189+00:00 [running]> on host d598697a787e
[2025-12-14T10:39:10.565+0000] {taskinstance.py:3131} INFO - Exporting env vars: AIRFLOW_CTX_DAG_OWNER='***' AIRFLOW_CTX_DAG_ID='weather_extract_only' AIRFLOW_CTX_TASK_ID='extract_weather' AIRFLOW_CTX_EXECUTION_DATE='2025-12-14T10:39:10.131189+00:00' AIRFLOW_CTX_TRY_NUMBER='1' AIRFLOW_CTX_DAG_RUN_ID='manual__2025-12-14T10:39:10.131189+00:00'
[2025-12-14T10:39:10.567+0000] {taskinstance.py:731} INFO - ::endgroup::
[2025-12-14T10:39:10.724+0000] {logging_mixin.py:190} INFO - Current weather data:
[2025-12-14T10:39:10.724+0000] {logging_mixin.py:190} INFO - {'time': '2025-12-14T10:30', 'interval': 900, 'temperature': 3.0, 'windspeed': 3.6, 'winddirection': 307, 'is_day': 1, 'weathercode': 3}
[2025-12-14T10:39:10.725+0000] {python.py:240} INFO - Done. Returned value was: {'time': '2025-12-14T10:30', 'interval': 900, 'temperature': 3.0, 'windspeed': 3.6, 'winddirection': 307, 'is_day': 1, 'weathercode': 3}
[2025-12-14T10:39:10.760+0000] {taskinstance.py:340} INFO - ::group::Post task execution logs
[2025-12-14T10:39:10.760+0000] {taskinstance.py:352} INFO - Marking task as SUCCESS. dag_id=weather_extract_only, task_id=extract_weather, run_id=manual__2025-12-14T10:39:10.131189+00:00, execution_date=20251214T103910, start_date=20251214T103910, end_date=20251214T103910
[2025-12-14T10:39:10.799+0000] {local_task_job_runner.py:266} INFO - Task exited with return code 0
[2025-12-14T10:39:10.819+0000] {taskinstance.py:3900} INFO - 0 downstream tasks scheduled from follow-on schedule check
[2025-12-14T10:39:10.822+0000] {local_task_job_runner.py:245} INFO - ::endgroup::
