[2025-12-17T08:41:34.200+0000] {local_task_job_runner.py:123} INFO - ::group::Pre task execution logs
[2025-12-17T08:41:34.244+0000] {taskinstance.py:2612} INFO - Dependencies all met for dep_context=non-requeueable deps ti=<TaskInstance: weather_extract_only.extract_weather manual__2025-12-17T08:41:31.826533+00:00 [queued]>
[2025-12-17T08:41:34.260+0000] {taskinstance.py:2612} INFO - Dependencies all met for dep_context=requeueable deps ti=<TaskInstance: weather_extract_only.extract_weather manual__2025-12-17T08:41:31.826533+00:00 [queued]>
[2025-12-17T08:41:34.260+0000] {taskinstance.py:2865} INFO - Starting attempt 1 of 1
[2025-12-17T08:41:34.311+0000] {taskinstance.py:2888} INFO - Executing <Task(_PythonDecoratedOperator): extract_weather> on 2025-12-17 08:41:31.826533+00:00
[2025-12-17T08:41:34.340+0000] {standard_task_runner.py:104} INFO - Running: ['***', 'tasks', 'run', 'weather_extract_only', 'extract_weather', 'manual__2025-12-17T08:41:31.826533+00:00', '--job-id', '20', '--raw', '--subdir', 'DAGS_FOLDER/weather_extract_only.py', '--cfg-path', '/tmp/tmpzf7jryae']
[2025-12-17T08:41:34.349+0000] {standard_task_runner.py:105} INFO - Job 20: Subtask extract_weather
[2025-12-17T08:41:34.349+0000] {logging_mixin.py:190} WARNING - /home/***/.local/lib/python3.12/site-packages/***/task/task_runner/standard_task_runner.py:70 DeprecationWarning: This process (pid=225) is multi-threaded, use of fork() may lead to deadlocks in the child.
[2025-12-17T08:41:34.350+0000] {standard_task_runner.py:72} INFO - Started process 227 to run task
[2025-12-17T08:41:34.484+0000] {task_command.py:467} INFO - Running <TaskInstance: weather_extract_only.extract_weather manual__2025-12-17T08:41:31.826533+00:00 [running]> on host 065fcf665856
[2025-12-17T08:41:34.663+0000] {taskinstance.py:3131} INFO - Exporting env vars: AIRFLOW_CTX_DAG_OWNER='***' AIRFLOW_CTX_DAG_ID='weather_extract_only' AIRFLOW_CTX_TASK_ID='extract_weather' AIRFLOW_CTX_EXECUTION_DATE='2025-12-17T08:41:31.826533+00:00' AIRFLOW_CTX_TRY_NUMBER='1' AIRFLOW_CTX_DAG_RUN_ID='manual__2025-12-17T08:41:31.826533+00:00'
[2025-12-17T08:41:34.665+0000] {taskinstance.py:731} INFO - ::endgroup::
[2025-12-17T08:41:34.834+0000] {logging_mixin.py:190} INFO - Current weather data:
[2025-12-17T08:41:34.834+0000] {logging_mixin.py:190} INFO - {'time': '2025-12-17T08:30', 'interval': 900, 'temperature': 0.8, 'windspeed': 6.7, 'winddirection': 164, 'is_day': 1, 'weathercode': 45}
[2025-12-17T08:41:34.835+0000] {python.py:240} INFO - Done. Returned value was: {'time': '2025-12-17T08:30', 'interval': 900, 'temperature': 0.8, 'windspeed': 6.7, 'winddirection': 164, 'is_day': 1, 'weathercode': 45}
[2025-12-17T08:41:34.908+0000] {taskinstance.py:340} INFO - ::group::Post task execution logs
[2025-12-17T08:41:34.909+0000] {taskinstance.py:352} INFO - Marking task as SUCCESS. dag_id=weather_extract_only, task_id=extract_weather, run_id=manual__2025-12-17T08:41:31.826533+00:00, execution_date=20251217T084131, start_date=20251217T084134, end_date=20251217T084134
[2025-12-17T08:41:34.947+0000] {local_task_job_runner.py:266} INFO - Task exited with return code 0
[2025-12-17T08:41:34.986+0000] {taskinstance.py:3900} INFO - 1 downstream tasks scheduled from follow-on schedule check
[2025-12-17T08:41:35.021+0000] {local_task_job_runner.py:245} INFO - ::endgroup::
