[2025-12-18T12:00:10.984+0000] {local_task_job_runner.py:123} INFO - ::group::Pre task execution logs
[2025-12-18T12:00:11.017+0000] {taskinstance.py:2612} INFO - Dependencies all met for dep_context=non-requeueable deps ti=<TaskInstance: weather_extract_only.load_weather scheduled__2025-12-18T11:00:00+00:00 [queued]>
[2025-12-18T12:00:11.028+0000] {taskinstance.py:2612} INFO - Dependencies all met for dep_context=requeueable deps ti=<TaskInstance: weather_extract_only.load_weather scheduled__2025-12-18T11:00:00+00:00 [queued]>
[2025-12-18T12:00:11.029+0000] {taskinstance.py:2865} INFO - Starting attempt 1 of 1
[2025-12-18T12:00:11.073+0000] {taskinstance.py:2888} INFO - Executing <Task(_PythonDecoratedOperator): load_weather> on 2025-12-18 11:00:00+00:00
[2025-12-18T12:00:11.094+0000] {standard_task_runner.py:104} INFO - Running: ['***', 'tasks', 'run', 'weather_extract_only', 'load_weather', 'scheduled__2025-12-18T11:00:00+00:00', '--job-id', '12', '--raw', '--subdir', 'DAGS_FOLDER/weather_extract_only.py', '--cfg-path', '/tmp/tmph5tigq5d']
[2025-12-18T12:00:11.101+0000] {standard_task_runner.py:105} INFO - Job 12: Subtask load_weather
[2025-12-18T12:00:11.101+0000] {logging_mixin.py:190} WARNING - /home/***/.local/lib/python3.12/site-packages/***/task/task_runner/standard_task_runner.py:70 DeprecationWarning: This process (pid=527) is multi-threaded, use of fork() may lead to deadlocks in the child.
[2025-12-18T12:00:11.102+0000] {standard_task_runner.py:72} INFO - Started process 529 to run task
[2025-12-18T12:00:11.231+0000] {task_command.py:467} INFO - Running <TaskInstance: weather_extract_only.load_weather scheduled__2025-12-18T11:00:00+00:00 [running]> on host b387a720fa12
[2025-12-18T12:00:11.423+0000] {taskinstance.py:3131} INFO - Exporting env vars: AIRFLOW_CTX_DAG_OWNER='***' AIRFLOW_CTX_DAG_ID='weather_extract_only' AIRFLOW_CTX_TASK_ID='load_weather' AIRFLOW_CTX_EXECUTION_DATE='2025-12-18T11:00:00+00:00' AIRFLOW_CTX_TRY_NUMBER='1' AIRFLOW_CTX_DAG_RUN_ID='scheduled__2025-12-18T11:00:00+00:00'
[2025-12-18T12:00:11.426+0000] {taskinstance.py:731} INFO - ::endgroup::
[2025-12-18T12:00:11.432+0000] {crypto.py:82} WARNING - empty cryptography key - values will not be stored encrypted.
[2025-12-18T12:00:11.433+0000] {base.py:84} INFO - Retrieving connection '***_db'
[2025-12-18T12:00:11.451+0000] {logging_mixin.py:190} INFO - Inserted 1 new rows
[2025-12-18T12:00:11.452+0000] {python.py:240} INFO - Done. Returned value was: 1
[2025-12-18T12:00:11.493+0000] {taskinstance.py:340} INFO - ::group::Post task execution logs
[2025-12-18T12:00:11.494+0000] {taskinstance.py:352} INFO - Marking task as SUCCESS. dag_id=***_extract_only, task_id=load_***, run_id=scheduled__2025-12-18T11:00:00+00:00, execution_date=20251218T110000, start_date=20251218T120011, end_date=20251218T120011
[2025-12-18T12:00:11.532+0000] {local_task_job_runner.py:266} INFO - Task exited with return code 0
[2025-12-18T12:00:11.560+0000] {taskinstance.py:3900} INFO - 0 downstream tasks scheduled from follow-on schedule check
[2025-12-18T12:00:11.594+0000] {local_task_job_runner.py:245} INFO - ::endgroup::
