[2025-12-14T14:24:34.764+0000] {local_task_job_runner.py:123} INFO - ::group::Pre task execution logs
[2025-12-14T14:24:34.795+0000] {taskinstance.py:2612} INFO - Dependencies all met for dep_context=non-requeueable deps ti=<TaskInstance: weather_extract_only.extract_weather scheduled__2025-12-14T13:00:00+00:00 [queued]>
[2025-12-14T14:24:34.812+0000] {taskinstance.py:2612} INFO - Dependencies all met for dep_context=requeueable deps ti=<TaskInstance: weather_extract_only.extract_weather scheduled__2025-12-14T13:00:00+00:00 [queued]>
[2025-12-14T14:24:34.813+0000] {taskinstance.py:2865} INFO - Starting attempt 1 of 1
[2025-12-14T14:24:34.836+0000] {taskinstance.py:2888} INFO - Executing <Task(_PythonDecoratedOperator): extract_weather> on 2025-12-14 13:00:00+00:00
[2025-12-14T14:24:34.851+0000] {standard_task_runner.py:104} INFO - Running: ['***', 'tasks', 'run', 'weather_extract_only', 'extract_weather', 'scheduled__2025-12-14T13:00:00+00:00', '--job-id', '8', '--raw', '--subdir', 'DAGS_FOLDER/weather_extract_only.py', '--cfg-path', '/tmp/tmpq3fa9z6m']
[2025-12-14T14:24:34.855+0000] {standard_task_runner.py:105} INFO - Job 8: Subtask extract_weather
[2025-12-14T14:24:34.857+0000] {logging_mixin.py:190} WARNING - /home/***/.local/lib/python3.12/site-packages/***/task/task_runner/standard_task_runner.py:70 DeprecationWarning: This process (pid=1630) is multi-threaded, use of fork() may lead to deadlocks in the child.
[2025-12-14T14:24:34.858+0000] {standard_task_runner.py:72} INFO - Started process 1641 to run task
[2025-12-14T14:24:34.931+0000] {task_command.py:467} INFO - Running <TaskInstance: weather_extract_only.extract_weather scheduled__2025-12-14T13:00:00+00:00 [running]> on host d598697a787e
[2025-12-14T14:24:35.061+0000] {taskinstance.py:3131} INFO - Exporting env vars: AIRFLOW_CTX_DAG_OWNER='***' AIRFLOW_CTX_DAG_ID='weather_extract_only' AIRFLOW_CTX_TASK_ID='extract_weather' AIRFLOW_CTX_EXECUTION_DATE='2025-12-14T13:00:00+00:00' AIRFLOW_CTX_TRY_NUMBER='1' AIRFLOW_CTX_DAG_RUN_ID='scheduled__2025-12-14T13:00:00+00:00'
[2025-12-14T14:24:35.062+0000] {taskinstance.py:731} INFO - ::endgroup::
[2025-12-14T14:52:39.761+0000] {logging_mixin.py:190} INFO - Current weather data:
[2025-12-14T14:52:39.761+0000] {logging_mixin.py:190} INFO - {'time': '2025-12-14T14:45', 'interval': 900, 'temperature': 3.0, 'windspeed': 4.3, 'winddirection': 132, 'is_day': 1, 'weathercode': 3}
[2025-12-14T14:52:39.762+0000] {python.py:240} INFO - Done. Returned value was: {'time': '2025-12-14T14:45', 'interval': 900, 'temperature': 3.0, 'windspeed': 4.3, 'winddirection': 132, 'is_day': 1, 'weathercode': 3}
[2025-12-14T14:52:39.832+0000] {taskinstance.py:340} INFO - ::group::Post task execution logs
[2025-12-14T14:52:39.833+0000] {taskinstance.py:352} INFO - Marking task as SUCCESS. dag_id=weather_extract_only, task_id=extract_weather, run_id=scheduled__2025-12-14T13:00:00+00:00, execution_date=20251214T130000, start_date=20251214T142434, end_date=20251214T145239
[2025-12-14T14:52:39.961+0000] {local_task_job_runner.py:266} INFO - Task exited with return code 0
[2025-12-14T14:52:39.991+0000] {taskinstance.py:3900} INFO - 0 downstream tasks scheduled from follow-on schedule check
[2025-12-14T14:52:40.013+0000] {local_task_job_runner.py:245} INFO - ::endgroup::
