[2025-12-17T08:47:37.209+0000] {local_task_job_runner.py:123} INFO - ::group::Pre task execution logs
[2025-12-17T08:47:37.239+0000] {taskinstance.py:2612} INFO - Dependencies all met for dep_context=non-requeueable deps ti=<TaskInstance: weather_extract_only.extract_weather manual__2025-12-17T08:47:35.508442+00:00 [queued]>
[2025-12-17T08:47:37.249+0000] {taskinstance.py:2612} INFO - Dependencies all met for dep_context=requeueable deps ti=<TaskInstance: weather_extract_only.extract_weather manual__2025-12-17T08:47:35.508442+00:00 [queued]>
[2025-12-17T08:47:37.249+0000] {taskinstance.py:2865} INFO - Starting attempt 1 of 1
[2025-12-17T08:47:37.297+0000] {taskinstance.py:2888} INFO - Executing <Task(_PythonDecoratedOperator): extract_weather> on 2025-12-17 08:47:35.508442+00:00
[2025-12-17T08:47:37.314+0000] {standard_task_runner.py:104} INFO - Running: ['***', 'tasks', 'run', 'weather_extract_only', 'extract_weather', 'manual__2025-12-17T08:47:35.508442+00:00', '--job-id', '26', '--raw', '--subdir', 'DAGS_FOLDER/weather_extract_only.py', '--cfg-path', '/tmp/tmp0962jp6i']
[2025-12-17T08:47:37.319+0000] {standard_task_runner.py:105} INFO - Job 26: Subtask extract_weather
[2025-12-17T08:47:37.321+0000] {logging_mixin.py:190} WARNING - /home/***/.local/lib/python3.12/site-packages/***/task/task_runner/standard_task_runner.py:70 DeprecationWarning: This process (pid=321) is multi-threaded, use of fork() may lead to deadlocks in the child.
[2025-12-17T08:47:37.322+0000] {standard_task_runner.py:72} INFO - Started process 323 to run task
[2025-12-17T08:47:37.448+0000] {task_command.py:467} INFO - Running <TaskInstance: weather_extract_only.extract_weather manual__2025-12-17T08:47:35.508442+00:00 [running]> on host 065fcf665856
[2025-12-17T08:47:37.619+0000] {taskinstance.py:3131} INFO - Exporting env vars: AIRFLOW_CTX_DAG_OWNER='***' AIRFLOW_CTX_DAG_ID='weather_extract_only' AIRFLOW_CTX_TASK_ID='extract_weather' AIRFLOW_CTX_EXECUTION_DATE='2025-12-17T08:47:35.508442+00:00' AIRFLOW_CTX_TRY_NUMBER='1' AIRFLOW_CTX_DAG_RUN_ID='manual__2025-12-17T08:47:35.508442+00:00'
[2025-12-17T08:47:37.621+0000] {taskinstance.py:731} INFO - ::endgroup::
[2025-12-17T08:47:37.784+0000] {logging_mixin.py:190} INFO - Current weather data:
[2025-12-17T08:47:37.785+0000] {logging_mixin.py:190} INFO - {'time': '2025-12-17T08:45', 'interval': 900, 'temperature': 0.8, 'windspeed': 6.6, 'winddirection': 167, 'is_day': 1, 'weathercode': 45}
[2025-12-17T08:47:37.786+0000] {python.py:240} INFO - Done. Returned value was: {'time': '2025-12-17T08:45', 'interval': 900, 'temperature': 0.8, 'windspeed': 6.6, 'winddirection': 167, 'is_day': 1, 'weathercode': 45}
[2025-12-17T08:47:37.863+0000] {taskinstance.py:340} INFO - ::group::Post task execution logs
[2025-12-17T08:47:37.864+0000] {taskinstance.py:352} INFO - Marking task as SUCCESS. dag_id=weather_extract_only, task_id=extract_weather, run_id=manual__2025-12-17T08:47:35.508442+00:00, execution_date=20251217T084735, start_date=20251217T084737, end_date=20251217T084737
[2025-12-17T08:47:37.910+0000] {local_task_job_runner.py:266} INFO - Task exited with return code 0
[2025-12-17T08:47:37.956+0000] {taskinstance.py:3900} INFO - 1 downstream tasks scheduled from follow-on schedule check
[2025-12-17T08:47:37.990+0000] {local_task_job_runner.py:245} INFO - ::endgroup::
