[2025-12-16T17:07:45.527+0000] {local_task_job_runner.py:123} INFO - ::group::Pre task execution logs
[2025-12-16T17:07:45.545+0000] {taskinstance.py:2612} INFO - Dependencies all met for dep_context=non-requeueable deps ti=<TaskInstance: weather_extract_only.transform_weather scheduled__2025-12-16T16:00:00+00:00 [queued]>
[2025-12-16T17:07:45.553+0000] {taskinstance.py:2612} INFO - Dependencies all met for dep_context=requeueable deps ti=<TaskInstance: weather_extract_only.transform_weather scheduled__2025-12-16T16:00:00+00:00 [queued]>
[2025-12-16T17:07:45.553+0000] {taskinstance.py:2865} INFO - Starting attempt 1 of 1
[2025-12-16T17:07:45.565+0000] {taskinstance.py:2888} INFO - Executing <Task(_PythonDecoratedOperator): transform_weather> on 2025-12-16 16:00:00+00:00
[2025-12-16T17:07:45.575+0000] {standard_task_runner.py:104} INFO - Running: ['***', 'tasks', 'run', 'weather_extract_only', 'transform_weather', 'scheduled__2025-12-16T16:00:00+00:00', '--job-id', '29', '--raw', '--subdir', 'DAGS_FOLDER/weather_extract_only.py', '--cfg-path', '/tmp/tmpi8fq066r']
[2025-12-16T17:07:45.578+0000] {logging_mixin.py:190} WARNING - /home/***/.local/lib/python3.12/site-packages/***/task/task_runner/standard_task_runner.py:70 DeprecationWarning: This process (pid=199) is multi-threaded, use of fork() may lead to deadlocks in the child.
[2025-12-16T17:07:45.578+0000] {standard_task_runner.py:72} INFO - Started process 201 to run task
[2025-12-16T17:07:45.578+0000] {standard_task_runner.py:105} INFO - Job 29: Subtask transform_weather
[2025-12-16T17:07:45.633+0000] {task_command.py:467} INFO - Running <TaskInstance: weather_extract_only.transform_weather scheduled__2025-12-16T16:00:00+00:00 [running]> on host d598697a787e
[2025-12-16T17:07:45.731+0000] {taskinstance.py:3131} INFO - Exporting env vars: AIRFLOW_CTX_DAG_OWNER='***' AIRFLOW_CTX_DAG_ID='weather_extract_only' AIRFLOW_CTX_TASK_ID='transform_weather' AIRFLOW_CTX_EXECUTION_DATE='2025-12-16T16:00:00+00:00' AIRFLOW_CTX_TRY_NUMBER='1' AIRFLOW_CTX_DAG_RUN_ID='scheduled__2025-12-16T16:00:00+00:00'
[2025-12-16T17:07:45.732+0000] {taskinstance.py:731} INFO - ::endgroup::
[2025-12-16T17:07:45.733+0000] {python.py:240} INFO - Done. Returned value was: [{'business_key': 'Vienna_2025-12-16T17:00:00', 'city': 'Vienna', 'latitude': 48.2082, 'longitude': 16.3738, 'temperature_°C': 0.9, 'wind_speed_kmh': 9.9, 'wind_direction_deg': 136, 'weather_code': 45, 'observation_time': datetime.datetime(2025, 12, 16, 17, 0), 'ingestion_time': '2025-12-16T17:07:45.733840+00:00'}]
[2025-12-16T17:07:45.761+0000] {taskinstance.py:340} INFO - ::group::Post task execution logs
[2025-12-16T17:07:45.761+0000] {taskinstance.py:352} INFO - Marking task as SUCCESS. dag_id=weather_extract_only, task_id=transform_weather, run_id=scheduled__2025-12-16T16:00:00+00:00, execution_date=20251216T160000, start_date=20251216T170745, end_date=20251216T170745
[2025-12-16T17:07:45.795+0000] {local_task_job_runner.py:266} INFO - Task exited with return code 0
[2025-12-16T17:07:45.811+0000] {taskinstance.py:3900} INFO - 0 downstream tasks scheduled from follow-on schedule check
[2025-12-16T17:07:45.813+0000] {local_task_job_runner.py:245} INFO - ::endgroup::
[2025-12-16T17:53:36.680+0000] {local_task_job_runner.py:123} INFO - ::group::Pre task execution logs
[2025-12-16T17:53:36.699+0000] {taskinstance.py:2612} INFO - Dependencies all met for dep_context=non-requeueable deps ti=<TaskInstance: weather_extract_only.transform_weather scheduled__2025-12-16T16:00:00+00:00 [queued]>
[2025-12-16T17:53:36.706+0000] {taskinstance.py:2612} INFO - Dependencies all met for dep_context=requeueable deps ti=<TaskInstance: weather_extract_only.transform_weather scheduled__2025-12-16T16:00:00+00:00 [queued]>
[2025-12-16T17:53:36.707+0000] {taskinstance.py:2865} INFO - Starting attempt 1 of 1
[2025-12-16T17:53:36.717+0000] {taskinstance.py:2888} INFO - Executing <Task(_PythonDecoratedOperator): transform_weather> on 2025-12-16 16:00:00+00:00
[2025-12-16T17:53:36.728+0000] {logging_mixin.py:190} WARNING - /home/***/.local/lib/python3.12/site-packages/***/task/task_runner/standard_task_runner.py:70 DeprecationWarning: This process (pid=252) is multi-threaded, use of fork() may lead to deadlocks in the child.
[2025-12-16T17:53:36.726+0000] {standard_task_runner.py:104} INFO - Running: ['***', 'tasks', 'run', 'weather_extract_only', 'transform_weather', 'scheduled__2025-12-16T16:00:00+00:00', '--job-id', '5', '--raw', '--subdir', 'DAGS_FOLDER/weather_extract_only.py', '--cfg-path', '/tmp/tmporzbqu9b']
[2025-12-16T17:53:36.729+0000] {standard_task_runner.py:105} INFO - Job 5: Subtask transform_weather
[2025-12-16T17:53:36.729+0000] {standard_task_runner.py:72} INFO - Started process 255 to run task
[2025-12-16T17:53:36.777+0000] {task_command.py:467} INFO - Running <TaskInstance: weather_extract_only.transform_weather scheduled__2025-12-16T16:00:00+00:00 [running]> on host ac9100d5bc0e
[2025-12-16T17:53:36.864+0000] {taskinstance.py:3131} INFO - Exporting env vars: AIRFLOW_CTX_DAG_OWNER='***' AIRFLOW_CTX_DAG_ID='weather_extract_only' AIRFLOW_CTX_TASK_ID='transform_weather' AIRFLOW_CTX_EXECUTION_DATE='2025-12-16T16:00:00+00:00' AIRFLOW_CTX_TRY_NUMBER='1' AIRFLOW_CTX_DAG_RUN_ID='scheduled__2025-12-16T16:00:00+00:00'
[2025-12-16T17:53:36.866+0000] {taskinstance.py:731} INFO - ::endgroup::
[2025-12-16T17:53:36.868+0000] {python.py:240} INFO - Done. Returned value was: [{'business_key': 'Vienna_2025-12-16T17:45:00', 'city': 'Vienna', 'latitude': 48.2082, 'longitude': 16.3738, 'temperature_°C': 0.8, 'wind_speed_kmh': 9.7, 'wind_direction_deg': 132, 'weather_code': 45, 'observation_time': datetime.datetime(2025, 12, 16, 17, 45), 'ingestion_time': '2025-12-16T17:53:36.868546+00:00'}]
[2025-12-16T17:53:36.893+0000] {taskinstance.py:340} INFO - ::group::Post task execution logs
[2025-12-16T17:53:36.894+0000] {taskinstance.py:352} INFO - Marking task as SUCCESS. dag_id=weather_extract_only, task_id=transform_weather, run_id=scheduled__2025-12-16T16:00:00+00:00, execution_date=20251216T160000, start_date=20251216T175336, end_date=20251216T175336
[2025-12-16T17:53:36.945+0000] {local_task_job_runner.py:266} INFO - Task exited with return code 0
[2025-12-16T17:53:36.962+0000] {taskinstance.py:3900} INFO - 0 downstream tasks scheduled from follow-on schedule check
[2025-12-16T17:53:36.964+0000] {local_task_job_runner.py:245} INFO - ::endgroup::
