[2025-12-16T17:07:44.458+0000] {local_task_job_runner.py:123} INFO - ::group::Pre task execution logs
[2025-12-16T17:07:44.476+0000] {taskinstance.py:2612} INFO - Dependencies all met for dep_context=non-requeueable deps ti=<TaskInstance: weather_extract_only.extract_weather scheduled__2025-12-16T16:00:00+00:00 [queued]>
[2025-12-16T17:07:44.484+0000] {taskinstance.py:2612} INFO - Dependencies all met for dep_context=requeueable deps ti=<TaskInstance: weather_extract_only.extract_weather scheduled__2025-12-16T16:00:00+00:00 [queued]>
[2025-12-16T17:07:44.484+0000] {taskinstance.py:2865} INFO - Starting attempt 1 of 1
[2025-12-16T17:07:44.494+0000] {taskinstance.py:2888} INFO - Executing <Task(_PythonDecoratedOperator): extract_weather> on 2025-12-16 16:00:00+00:00
[2025-12-16T17:07:44.504+0000] {standard_task_runner.py:104} INFO - Running: ['***', 'tasks', 'run', 'weather_extract_only', 'extract_weather', 'scheduled__2025-12-16T16:00:00+00:00', '--job-id', '28', '--raw', '--subdir', 'DAGS_FOLDER/weather_extract_only.py', '--cfg-path', '/tmp/tmpd9sa21sa']
[2025-12-16T17:07:44.506+0000] {logging_mixin.py:190} WARNING - /home/***/.local/lib/python3.12/site-packages/***/task/task_runner/standard_task_runner.py:70 DeprecationWarning: This process (pid=195) is multi-threaded, use of fork() may lead to deadlocks in the child.
[2025-12-16T17:07:44.506+0000] {standard_task_runner.py:72} INFO - Started process 197 to run task
[2025-12-16T17:07:44.506+0000] {standard_task_runner.py:105} INFO - Job 28: Subtask extract_weather
[2025-12-16T17:07:44.567+0000] {task_command.py:467} INFO - Running <TaskInstance: weather_extract_only.extract_weather scheduled__2025-12-16T16:00:00+00:00 [running]> on host d598697a787e
[2025-12-16T17:07:44.665+0000] {taskinstance.py:3131} INFO - Exporting env vars: AIRFLOW_CTX_DAG_OWNER='***' AIRFLOW_CTX_DAG_ID='weather_extract_only' AIRFLOW_CTX_TASK_ID='extract_weather' AIRFLOW_CTX_EXECUTION_DATE='2025-12-16T16:00:00+00:00' AIRFLOW_CTX_TRY_NUMBER='1' AIRFLOW_CTX_DAG_RUN_ID='scheduled__2025-12-16T16:00:00+00:00'
[2025-12-16T17:07:44.666+0000] {taskinstance.py:731} INFO - ::endgroup::
[2025-12-16T17:07:44.807+0000] {logging_mixin.py:190} INFO - Current weather data:
[2025-12-16T17:07:44.807+0000] {logging_mixin.py:190} INFO - {'time': '2025-12-16T17:00', 'interval': 900, 'temperature': 0.9, 'windspeed': 9.9, 'winddirection': 136, 'is_day': 0, 'weathercode': 45}
[2025-12-16T17:07:44.808+0000] {python.py:240} INFO - Done. Returned value was: {'time': '2025-12-16T17:00', 'interval': 900, 'temperature': 0.9, 'windspeed': 9.9, 'winddirection': 136, 'is_day': 0, 'weathercode': 45}
[2025-12-16T17:07:44.837+0000] {taskinstance.py:340} INFO - ::group::Post task execution logs
[2025-12-16T17:07:44.837+0000] {taskinstance.py:352} INFO - Marking task as SUCCESS. dag_id=weather_extract_only, task_id=extract_weather, run_id=scheduled__2025-12-16T16:00:00+00:00, execution_date=20251216T160000, start_date=20251216T170744, end_date=20251216T170744
[2025-12-16T17:07:44.882+0000] {local_task_job_runner.py:266} INFO - Task exited with return code 0
[2025-12-16T17:07:44.904+0000] {taskinstance.py:3900} INFO - 1 downstream tasks scheduled from follow-on schedule check
[2025-12-16T17:07:44.907+0000] {local_task_job_runner.py:245} INFO - ::endgroup::
[2025-12-16T17:53:35.716+0000] {local_task_job_runner.py:123} INFO - ::group::Pre task execution logs
[2025-12-16T17:53:35.735+0000] {taskinstance.py:2612} INFO - Dependencies all met for dep_context=non-requeueable deps ti=<TaskInstance: weather_extract_only.extract_weather scheduled__2025-12-16T16:00:00+00:00 [queued]>
[2025-12-16T17:53:35.740+0000] {taskinstance.py:2612} INFO - Dependencies all met for dep_context=requeueable deps ti=<TaskInstance: weather_extract_only.extract_weather scheduled__2025-12-16T16:00:00+00:00 [queued]>
[2025-12-16T17:53:35.741+0000] {taskinstance.py:2865} INFO - Starting attempt 1 of 1
[2025-12-16T17:53:35.751+0000] {taskinstance.py:2888} INFO - Executing <Task(_PythonDecoratedOperator): extract_weather> on 2025-12-16 16:00:00+00:00
[2025-12-16T17:53:35.760+0000] {standard_task_runner.py:104} INFO - Running: ['***', 'tasks', 'run', 'weather_extract_only', 'extract_weather', 'scheduled__2025-12-16T16:00:00+00:00', '--job-id', '2', '--raw', '--subdir', 'DAGS_FOLDER/weather_extract_only.py', '--cfg-path', '/tmp/tmpv_gvbu2z']
[2025-12-16T17:53:35.762+0000] {logging_mixin.py:190} WARNING - /home/***/.local/lib/python3.12/site-packages/***/task/task_runner/standard_task_runner.py:70 DeprecationWarning: This process (pid=243) is multi-threaded, use of fork() may lead to deadlocks in the child.
[2025-12-16T17:53:35.763+0000] {standard_task_runner.py:105} INFO - Job 2: Subtask extract_weather
[2025-12-16T17:53:35.763+0000] {standard_task_runner.py:72} INFO - Started process 247 to run task
[2025-12-16T17:53:35.820+0000] {task_command.py:467} INFO - Running <TaskInstance: weather_extract_only.extract_weather scheduled__2025-12-16T16:00:00+00:00 [running]> on host ac9100d5bc0e
[2025-12-16T17:53:35.925+0000] {taskinstance.py:3131} INFO - Exporting env vars: AIRFLOW_CTX_DAG_OWNER='***' AIRFLOW_CTX_DAG_ID='weather_extract_only' AIRFLOW_CTX_TASK_ID='extract_weather' AIRFLOW_CTX_EXECUTION_DATE='2025-12-16T16:00:00+00:00' AIRFLOW_CTX_TRY_NUMBER='1' AIRFLOW_CTX_DAG_RUN_ID='scheduled__2025-12-16T16:00:00+00:00'
[2025-12-16T17:53:35.927+0000] {taskinstance.py:731} INFO - ::endgroup::
[2025-12-16T17:53:36.085+0000] {logging_mixin.py:190} INFO - Current weather data:
[2025-12-16T17:53:36.085+0000] {logging_mixin.py:190} INFO - {'time': '2025-12-16T17:45', 'interval': 900, 'temperature': 0.8, 'windspeed': 9.7, 'winddirection': 132, 'is_day': 0, 'weathercode': 45}
[2025-12-16T17:53:36.086+0000] {python.py:240} INFO - Done. Returned value was: {'time': '2025-12-16T17:45', 'interval': 900, 'temperature': 0.8, 'windspeed': 9.7, 'winddirection': 132, 'is_day': 0, 'weathercode': 45}
[2025-12-16T17:53:36.115+0000] {taskinstance.py:340} INFO - ::group::Post task execution logs
[2025-12-16T17:53:36.116+0000] {taskinstance.py:352} INFO - Marking task as SUCCESS. dag_id=weather_extract_only, task_id=extract_weather, run_id=scheduled__2025-12-16T16:00:00+00:00, execution_date=20251216T160000, start_date=20251216T175335, end_date=20251216T175336
[2025-12-16T17:53:36.140+0000] {local_task_job_runner.py:266} INFO - Task exited with return code 0
[2025-12-16T17:53:36.151+0000] {local_task_job_runner.py:245} INFO - ::endgroup::
