[2025-12-14T10:36:22.516+0000] {processor.py:186} INFO - Started process (PID=389) to work on /opt/airflow/dags/weather_extract_only_Operators.py
[2025-12-14T10:36:22.517+0000] {processor.py:914} INFO - Processing file /opt/airflow/dags/weather_extract_only_Operators.py for tasks to queue
[2025-12-14T10:36:22.519+0000] {logging_mixin.py:190} INFO - [2025-12-14T10:36:22.519+0000] {dagbag.py:587} INFO - Filling up the DagBag from /opt/airflow/dags/weather_extract_only_Operators.py
[2025-12-14T10:36:22.521+0000] {logging_mixin.py:190} INFO - [2025-12-14T10:36:22.520+0000] {dagbag.py:386} ERROR - Failed to import: /opt/airflow/dags/weather_extract_only_Operators.py
Traceback (most recent call last):
  File "/home/airflow/.local/lib/python3.12/site-packages/airflow/models/dagbag.py", line 382, in parse
    loader.exec_module(new_module)
  File "<frozen importlib._bootstrap_external>", line 991, in exec_module
  File "<frozen importlib._bootstrap_external>", line 1129, in get_code
  File "<frozen importlib._bootstrap_external>", line 1059, in source_to_code
  File "<frozen importlib._bootstrap>", line 488, in _call_with_frames_removed
  File "/opt/airflow/dags/weather_extract_only_Operators.py", line 29
    dag_id:'weather-extract_only',
          ^
SyntaxError: invalid syntax
[2025-12-14T10:36:22.521+0000] {processor.py:927} WARNING - No viable dags retrieved from /opt/airflow/dags/weather_extract_only_Operators.py
[2025-12-14T10:36:22.543+0000] {processor.py:208} INFO - Processing /opt/airflow/dags/weather_extract_only_Operators.py took 0.032 seconds
[2025-12-14T10:36:29.566+0000] {processor.py:186} INFO - Started process (PID=394) to work on /opt/airflow/dags/weather_extract_only_Operators.py
[2025-12-14T10:36:29.567+0000] {processor.py:914} INFO - Processing file /opt/airflow/dags/weather_extract_only_Operators.py for tasks to queue
[2025-12-14T10:36:29.569+0000] {logging_mixin.py:190} INFO - [2025-12-14T10:36:29.568+0000] {dagbag.py:587} INFO - Filling up the DagBag from /opt/airflow/dags/weather_extract_only_Operators.py
[2025-12-14T10:36:29.572+0000] {logging_mixin.py:190} INFO - [2025-12-14T10:36:29.571+0000] {dagbag.py:386} ERROR - Failed to import: /opt/airflow/dags/weather_extract_only_Operators.py
Traceback (most recent call last):
  File "/home/airflow/.local/lib/python3.12/site-packages/airflow/models/dagbag.py", line 382, in parse
    loader.exec_module(new_module)
  File "<frozen importlib._bootstrap_external>", line 991, in exec_module
  File "<frozen importlib._bootstrap_external>", line 1129, in get_code
  File "<frozen importlib._bootstrap_external>", line 1059, in source_to_code
  File "<frozen importlib._bootstrap>", line 488, in _call_with_frames_removed
  File "/opt/airflow/dags/weather_extract_only_Operators.py", line 29
    dag_id:'weather-extract_only',
          ^
SyntaxError: invalid syntax
[2025-12-14T10:36:29.572+0000] {processor.py:927} WARNING - No viable dags retrieved from /opt/airflow/dags/weather_extract_only_Operators.py
[2025-12-14T10:36:29.595+0000] {processor.py:208} INFO - Processing /opt/airflow/dags/weather_extract_only_Operators.py took 0.035 seconds
[2025-12-14T10:36:59.662+0000] {processor.py:186} INFO - Started process (PID=409) to work on /opt/airflow/dags/weather_extract_only_Operators.py
[2025-12-14T10:36:59.663+0000] {processor.py:914} INFO - Processing file /opt/airflow/dags/weather_extract_only_Operators.py for tasks to queue
[2025-12-14T10:36:59.664+0000] {logging_mixin.py:190} INFO - [2025-12-14T10:36:59.664+0000] {dagbag.py:587} INFO - Filling up the DagBag from /opt/airflow/dags/weather_extract_only_Operators.py
[2025-12-14T10:36:59.667+0000] {logging_mixin.py:190} INFO - [2025-12-14T10:36:59.666+0000] {dagbag.py:386} ERROR - Failed to import: /opt/airflow/dags/weather_extract_only_Operators.py
Traceback (most recent call last):
  File "/home/airflow/.local/lib/python3.12/site-packages/airflow/models/dagbag.py", line 382, in parse
    loader.exec_module(new_module)
  File "<frozen importlib._bootstrap_external>", line 991, in exec_module
  File "<frozen importlib._bootstrap_external>", line 1129, in get_code
  File "<frozen importlib._bootstrap_external>", line 1059, in source_to_code
  File "<frozen importlib._bootstrap>", line 488, in _call_with_frames_removed
  File "/opt/airflow/dags/weather_extract_only_Operators.py", line 29
    dag_id:'weather-extract_only',
          ^
SyntaxError: invalid syntax
[2025-12-14T10:36:59.667+0000] {processor.py:927} WARNING - No viable dags retrieved from /opt/airflow/dags/weather_extract_only_Operators.py
[2025-12-14T10:36:59.690+0000] {processor.py:208} INFO - Processing /opt/airflow/dags/weather_extract_only_Operators.py took 0.033 seconds
[2025-12-14T10:37:30.098+0000] {processor.py:186} INFO - Started process (PID=429) to work on /opt/airflow/dags/weather_extract_only_Operators.py
[2025-12-14T10:37:30.101+0000] {processor.py:914} INFO - Processing file /opt/airflow/dags/weather_extract_only_Operators.py for tasks to queue
[2025-12-14T10:37:30.104+0000] {logging_mixin.py:190} INFO - [2025-12-14T10:37:30.103+0000] {dagbag.py:587} INFO - Filling up the DagBag from /opt/airflow/dags/weather_extract_only_Operators.py
[2025-12-14T10:37:30.106+0000] {logging_mixin.py:190} INFO - [2025-12-14T10:37:30.106+0000] {dagbag.py:386} ERROR - Failed to import: /opt/airflow/dags/weather_extract_only_Operators.py
Traceback (most recent call last):
  File "/home/airflow/.local/lib/python3.12/site-packages/airflow/models/dagbag.py", line 382, in parse
    loader.exec_module(new_module)
  File "<frozen importlib._bootstrap_external>", line 991, in exec_module
  File "<frozen importlib._bootstrap_external>", line 1129, in get_code
  File "<frozen importlib._bootstrap_external>", line 1059, in source_to_code
  File "<frozen importlib._bootstrap>", line 488, in _call_with_frames_removed
  File "/opt/airflow/dags/weather_extract_only_Operators.py", line 29
    dag_id:'weather-extract_only',
          ^
SyntaxError: invalid syntax
[2025-12-14T10:37:30.107+0000] {processor.py:927} WARNING - No viable dags retrieved from /opt/airflow/dags/weather_extract_only_Operators.py
[2025-12-14T10:37:30.129+0000] {processor.py:208} INFO - Processing /opt/airflow/dags/weather_extract_only_Operators.py took 0.037 seconds
[2025-12-14T10:38:00.702+0000] {processor.py:186} INFO - Started process (PID=444) to work on /opt/airflow/dags/weather_extract_only_Operators.py
[2025-12-14T10:38:00.703+0000] {processor.py:914} INFO - Processing file /opt/airflow/dags/weather_extract_only_Operators.py for tasks to queue
[2025-12-14T10:38:00.705+0000] {logging_mixin.py:190} INFO - [2025-12-14T10:38:00.705+0000] {dagbag.py:587} INFO - Filling up the DagBag from /opt/airflow/dags/weather_extract_only_Operators.py
[2025-12-14T10:38:00.708+0000] {logging_mixin.py:190} INFO - [2025-12-14T10:38:00.707+0000] {dagbag.py:386} ERROR - Failed to import: /opt/airflow/dags/weather_extract_only_Operators.py
Traceback (most recent call last):
  File "/home/airflow/.local/lib/python3.12/site-packages/airflow/models/dagbag.py", line 382, in parse
    loader.exec_module(new_module)
  File "<frozen importlib._bootstrap_external>", line 991, in exec_module
  File "<frozen importlib._bootstrap_external>", line 1129, in get_code
  File "<frozen importlib._bootstrap_external>", line 1059, in source_to_code
  File "<frozen importlib._bootstrap>", line 488, in _call_with_frames_removed
  File "/opt/airflow/dags/weather_extract_only_Operators.py", line 29
    dag_id:'weather-extract_only',
          ^
SyntaxError: invalid syntax
[2025-12-14T10:38:00.708+0000] {processor.py:927} WARNING - No viable dags retrieved from /opt/airflow/dags/weather_extract_only_Operators.py
[2025-12-14T10:38:00.730+0000] {processor.py:208} INFO - Processing /opt/airflow/dags/weather_extract_only_Operators.py took 0.034 seconds
[2025-12-14T10:38:31.642+0000] {processor.py:186} INFO - Started process (PID=465) to work on /opt/airflow/dags/weather_extract_only_Operators.py
[2025-12-14T10:38:31.644+0000] {processor.py:914} INFO - Processing file /opt/airflow/dags/weather_extract_only_Operators.py for tasks to queue
[2025-12-14T10:38:31.647+0000] {logging_mixin.py:190} INFO - [2025-12-14T10:38:31.647+0000] {dagbag.py:587} INFO - Filling up the DagBag from /opt/airflow/dags/weather_extract_only_Operators.py
[2025-12-14T10:38:31.649+0000] {logging_mixin.py:190} INFO - [2025-12-14T10:38:31.648+0000] {dagbag.py:386} ERROR - Failed to import: /opt/airflow/dags/weather_extract_only_Operators.py
Traceback (most recent call last):
  File "/home/airflow/.local/lib/python3.12/site-packages/airflow/models/dagbag.py", line 382, in parse
    loader.exec_module(new_module)
  File "<frozen importlib._bootstrap_external>", line 991, in exec_module
  File "<frozen importlib._bootstrap_external>", line 1129, in get_code
  File "<frozen importlib._bootstrap_external>", line 1059, in source_to_code
  File "<frozen importlib._bootstrap>", line 488, in _call_with_frames_removed
  File "/opt/airflow/dags/weather_extract_only_Operators.py", line 29
    dag_id:'weather-extract_only',
          ^
SyntaxError: invalid syntax
[2025-12-14T10:38:31.649+0000] {processor.py:927} WARNING - No viable dags retrieved from /opt/airflow/dags/weather_extract_only_Operators.py
[2025-12-14T10:38:31.671+0000] {processor.py:208} INFO - Processing /opt/airflow/dags/weather_extract_only_Operators.py took 0.035 seconds
[2025-12-14T10:39:01.776+0000] {processor.py:186} INFO - Started process (PID=485) to work on /opt/airflow/dags/weather_extract_only_Operators.py
[2025-12-14T10:39:01.778+0000] {processor.py:914} INFO - Processing file /opt/airflow/dags/weather_extract_only_Operators.py for tasks to queue
[2025-12-14T10:39:01.782+0000] {logging_mixin.py:190} INFO - [2025-12-14T10:39:01.781+0000] {dagbag.py:587} INFO - Filling up the DagBag from /opt/airflow/dags/weather_extract_only_Operators.py
[2025-12-14T10:39:01.784+0000] {logging_mixin.py:190} INFO - [2025-12-14T10:39:01.783+0000] {dagbag.py:386} ERROR - Failed to import: /opt/airflow/dags/weather_extract_only_Operators.py
Traceback (most recent call last):
  File "/home/airflow/.local/lib/python3.12/site-packages/airflow/models/dagbag.py", line 382, in parse
    loader.exec_module(new_module)
  File "<frozen importlib._bootstrap_external>", line 991, in exec_module
  File "<frozen importlib._bootstrap_external>", line 1129, in get_code
  File "<frozen importlib._bootstrap_external>", line 1059, in source_to_code
  File "<frozen importlib._bootstrap>", line 488, in _call_with_frames_removed
  File "/opt/airflow/dags/weather_extract_only_Operators.py", line 29
    dag_id:'weather-extract_only',
          ^
SyntaxError: invalid syntax
[2025-12-14T10:39:01.784+0000] {processor.py:927} WARNING - No viable dags retrieved from /opt/airflow/dags/weather_extract_only_Operators.py
[2025-12-14T10:39:01.804+0000] {processor.py:208} INFO - Processing /opt/airflow/dags/weather_extract_only_Operators.py took 0.035 seconds
[2025-12-14T10:39:31.876+0000] {processor.py:186} INFO - Started process (PID=503) to work on /opt/airflow/dags/weather_extract_only_Operators.py
[2025-12-14T10:39:31.878+0000] {processor.py:914} INFO - Processing file /opt/airflow/dags/weather_extract_only_Operators.py for tasks to queue
[2025-12-14T10:39:31.880+0000] {logging_mixin.py:190} INFO - [2025-12-14T10:39:31.879+0000] {dagbag.py:587} INFO - Filling up the DagBag from /opt/airflow/dags/weather_extract_only_Operators.py
[2025-12-14T10:39:31.883+0000] {logging_mixin.py:190} INFO - [2025-12-14T10:39:31.882+0000] {dagbag.py:386} ERROR - Failed to import: /opt/airflow/dags/weather_extract_only_Operators.py
Traceback (most recent call last):
  File "/home/airflow/.local/lib/python3.12/site-packages/airflow/models/dagbag.py", line 382, in parse
    loader.exec_module(new_module)
  File "<frozen importlib._bootstrap_external>", line 991, in exec_module
  File "<frozen importlib._bootstrap_external>", line 1129, in get_code
  File "<frozen importlib._bootstrap_external>", line 1059, in source_to_code
  File "<frozen importlib._bootstrap>", line 488, in _call_with_frames_removed
  File "/opt/airflow/dags/weather_extract_only_Operators.py", line 29
    dag_id:'weather-extract_only',
          ^
SyntaxError: invalid syntax
[2025-12-14T10:39:31.883+0000] {processor.py:927} WARNING - No viable dags retrieved from /opt/airflow/dags/weather_extract_only_Operators.py
[2025-12-14T10:39:31.907+0000] {processor.py:208} INFO - Processing /opt/airflow/dags/weather_extract_only_Operators.py took 0.036 seconds
[2025-12-14T10:40:02.882+0000] {processor.py:186} INFO - Started process (PID=518) to work on /opt/airflow/dags/weather_extract_only_Operators.py
[2025-12-14T10:40:02.886+0000] {processor.py:914} INFO - Processing file /opt/airflow/dags/weather_extract_only_Operators.py for tasks to queue
[2025-12-14T10:40:02.889+0000] {logging_mixin.py:190} INFO - [2025-12-14T10:40:02.888+0000] {dagbag.py:587} INFO - Filling up the DagBag from /opt/airflow/dags/weather_extract_only_Operators.py
[2025-12-14T10:40:02.893+0000] {logging_mixin.py:190} INFO - [2025-12-14T10:40:02.892+0000] {dagbag.py:386} ERROR - Failed to import: /opt/airflow/dags/weather_extract_only_Operators.py
Traceback (most recent call last):
  File "/home/airflow/.local/lib/python3.12/site-packages/airflow/models/dagbag.py", line 382, in parse
    loader.exec_module(new_module)
  File "<frozen importlib._bootstrap_external>", line 991, in exec_module
  File "<frozen importlib._bootstrap_external>", line 1129, in get_code
  File "<frozen importlib._bootstrap_external>", line 1059, in source_to_code
  File "<frozen importlib._bootstrap>", line 488, in _call_with_frames_removed
  File "/opt/airflow/dags/weather_extract_only_Operators.py", line 29
    dag_id:'weather-extract_only',
          ^
SyntaxError: invalid syntax
[2025-12-14T10:40:02.894+0000] {processor.py:927} WARNING - No viable dags retrieved from /opt/airflow/dags/weather_extract_only_Operators.py
[2025-12-14T10:40:02.917+0000] {processor.py:208} INFO - Processing /opt/airflow/dags/weather_extract_only_Operators.py took 0.045 seconds
[2025-12-14T10:40:33.091+0000] {processor.py:186} INFO - Started process (PID=533) to work on /opt/airflow/dags/weather_extract_only_Operators.py
[2025-12-14T10:40:33.093+0000] {processor.py:914} INFO - Processing file /opt/airflow/dags/weather_extract_only_Operators.py for tasks to queue
[2025-12-14T10:40:33.096+0000] {logging_mixin.py:190} INFO - [2025-12-14T10:40:33.095+0000] {dagbag.py:587} INFO - Filling up the DagBag from /opt/airflow/dags/weather_extract_only_Operators.py
[2025-12-14T10:40:33.099+0000] {logging_mixin.py:190} INFO - [2025-12-14T10:40:33.098+0000] {dagbag.py:386} ERROR - Failed to import: /opt/airflow/dags/weather_extract_only_Operators.py
Traceback (most recent call last):
  File "/home/airflow/.local/lib/python3.12/site-packages/airflow/models/dagbag.py", line 382, in parse
    loader.exec_module(new_module)
  File "<frozen importlib._bootstrap_external>", line 991, in exec_module
  File "<frozen importlib._bootstrap_external>", line 1129, in get_code
  File "<frozen importlib._bootstrap_external>", line 1059, in source_to_code
  File "<frozen importlib._bootstrap>", line 488, in _call_with_frames_removed
  File "/opt/airflow/dags/weather_extract_only_Operators.py", line 29
    dag_id:'weather-extract_only',
          ^
SyntaxError: invalid syntax
[2025-12-14T10:40:33.100+0000] {processor.py:927} WARNING - No viable dags retrieved from /opt/airflow/dags/weather_extract_only_Operators.py
[2025-12-14T10:40:33.126+0000] {processor.py:208} INFO - Processing /opt/airflow/dags/weather_extract_only_Operators.py took 0.041 seconds
[2025-12-14T10:41:03.210+0000] {processor.py:186} INFO - Started process (PID=548) to work on /opt/airflow/dags/weather_extract_only_Operators.py
[2025-12-14T10:41:03.214+0000] {processor.py:914} INFO - Processing file /opt/airflow/dags/weather_extract_only_Operators.py for tasks to queue
[2025-12-14T10:41:03.216+0000] {logging_mixin.py:190} INFO - [2025-12-14T10:41:03.216+0000] {dagbag.py:587} INFO - Filling up the DagBag from /opt/airflow/dags/weather_extract_only_Operators.py
[2025-12-14T10:41:03.219+0000] {logging_mixin.py:190} INFO - [2025-12-14T10:41:03.218+0000] {dagbag.py:386} ERROR - Failed to import: /opt/airflow/dags/weather_extract_only_Operators.py
Traceback (most recent call last):
  File "/home/airflow/.local/lib/python3.12/site-packages/airflow/models/dagbag.py", line 382, in parse
    loader.exec_module(new_module)
  File "<frozen importlib._bootstrap_external>", line 991, in exec_module
  File "<frozen importlib._bootstrap_external>", line 1129, in get_code
  File "<frozen importlib._bootstrap_external>", line 1059, in source_to_code
  File "<frozen importlib._bootstrap>", line 488, in _call_with_frames_removed
  File "/opt/airflow/dags/weather_extract_only_Operators.py", line 29
    dag_id:'weather-extract_only',
          ^
SyntaxError: invalid syntax
[2025-12-14T10:41:03.219+0000] {processor.py:927} WARNING - No viable dags retrieved from /opt/airflow/dags/weather_extract_only_Operators.py
[2025-12-14T10:41:03.241+0000] {processor.py:208} INFO - Processing /opt/airflow/dags/weather_extract_only_Operators.py took 0.037 seconds
[2025-12-14T10:41:32.333+0000] {processor.py:186} INFO - Started process (PID=563) to work on /opt/airflow/dags/weather_extract_only_Operators.py
[2025-12-14T10:41:32.334+0000] {processor.py:914} INFO - Processing file /opt/airflow/dags/weather_extract_only_Operators.py for tasks to queue
[2025-12-14T10:41:32.336+0000] {logging_mixin.py:190} INFO - [2025-12-14T10:41:32.336+0000] {dagbag.py:587} INFO - Filling up the DagBag from /opt/airflow/dags/weather_extract_only_Operators.py
[2025-12-14T10:41:32.339+0000] {logging_mixin.py:190} INFO - [2025-12-14T10:41:32.338+0000] {dagbag.py:386} ERROR - Failed to import: /opt/airflow/dags/weather_extract_only_Operators.py
Traceback (most recent call last):
  File "/home/airflow/.local/lib/python3.12/site-packages/airflow/models/dagbag.py", line 382, in parse
    loader.exec_module(new_module)
  File "<frozen importlib._bootstrap_external>", line 995, in exec_module
  File "<frozen importlib._bootstrap>", line 488, in _call_with_frames_removed
  File "/opt/airflow/dags/weather_extract_only_Operators.py", line 1, in <module>
    from airflow.providers.standard.operators.python import PythonOperator
ModuleNotFoundError: No module named 'airflow.providers.standard'
[2025-12-14T10:41:32.339+0000] {processor.py:927} WARNING - No viable dags retrieved from /opt/airflow/dags/weather_extract_only_Operators.py
[2025-12-14T10:41:32.361+0000] {processor.py:208} INFO - Processing /opt/airflow/dags/weather_extract_only_Operators.py took 0.034 seconds
[2025-12-14T10:41:46.280+0000] {processor.py:186} INFO - Started process (PID=573) to work on /opt/airflow/dags/weather_extract_only_Operators.py
[2025-12-14T10:41:46.281+0000] {processor.py:914} INFO - Processing file /opt/airflow/dags/weather_extract_only_Operators.py for tasks to queue
[2025-12-14T10:41:46.283+0000] {logging_mixin.py:190} INFO - [2025-12-14T10:41:46.283+0000] {dagbag.py:587} INFO - Filling up the DagBag from /opt/airflow/dags/weather_extract_only_Operators.py
[2025-12-14T10:41:46.286+0000] {logging_mixin.py:190} INFO - [2025-12-14T10:41:46.285+0000] {dagbag.py:386} ERROR - Failed to import: /opt/airflow/dags/weather_extract_only_Operators.py
Traceback (most recent call last):
  File "/home/airflow/.local/lib/python3.12/site-packages/airflow/models/dagbag.py", line 382, in parse
    loader.exec_module(new_module)
  File "<frozen importlib._bootstrap_external>", line 995, in exec_module
  File "<frozen importlib._bootstrap>", line 488, in _call_with_frames_removed
  File "/opt/airflow/dags/weather_extract_only_Operators.py", line 1, in <module>
    from airflow.providers.standard.operators.python import PythonOperator
ModuleNotFoundError: No module named 'airflow.providers.standard'
[2025-12-14T10:41:46.286+0000] {processor.py:927} WARNING - No viable dags retrieved from /opt/airflow/dags/weather_extract_only_Operators.py
[2025-12-14T10:41:46.313+0000] {processor.py:208} INFO - Processing /opt/airflow/dags/weather_extract_only_Operators.py took 0.037 seconds
[2025-12-14T10:42:17.310+0000] {processor.py:186} INFO - Started process (PID=588) to work on /opt/airflow/dags/weather_extract_only_Operators.py
[2025-12-14T10:42:17.315+0000] {processor.py:914} INFO - Processing file /opt/airflow/dags/weather_extract_only_Operators.py for tasks to queue
[2025-12-14T10:42:17.318+0000] {logging_mixin.py:190} INFO - [2025-12-14T10:42:17.317+0000] {dagbag.py:587} INFO - Filling up the DagBag from /opt/airflow/dags/weather_extract_only_Operators.py
[2025-12-14T10:42:17.320+0000] {logging_mixin.py:190} INFO - [2025-12-14T10:42:17.319+0000] {dagbag.py:386} ERROR - Failed to import: /opt/airflow/dags/weather_extract_only_Operators.py
Traceback (most recent call last):
  File "/home/airflow/.local/lib/python3.12/site-packages/airflow/models/dagbag.py", line 382, in parse
    loader.exec_module(new_module)
  File "<frozen importlib._bootstrap_external>", line 995, in exec_module
  File "<frozen importlib._bootstrap>", line 488, in _call_with_frames_removed
  File "/opt/airflow/dags/weather_extract_only_Operators.py", line 1, in <module>
    from airflow.providers.standard.operators.python import PythonOperator
ModuleNotFoundError: No module named 'airflow.providers.standard'
[2025-12-14T10:42:17.320+0000] {processor.py:927} WARNING - No viable dags retrieved from /opt/airflow/dags/weather_extract_only_Operators.py
[2025-12-14T10:42:17.344+0000] {processor.py:208} INFO - Processing /opt/airflow/dags/weather_extract_only_Operators.py took 0.039 seconds
[2025-12-14T10:42:47.551+0000] {processor.py:186} INFO - Started process (PID=603) to work on /opt/airflow/dags/weather_extract_only_Operators.py
[2025-12-14T10:42:47.553+0000] {processor.py:914} INFO - Processing file /opt/airflow/dags/weather_extract_only_Operators.py for tasks to queue
[2025-12-14T10:42:47.556+0000] {logging_mixin.py:190} INFO - [2025-12-14T10:42:47.555+0000] {dagbag.py:587} INFO - Filling up the DagBag from /opt/airflow/dags/weather_extract_only_Operators.py
[2025-12-14T10:42:47.559+0000] {logging_mixin.py:190} INFO - [2025-12-14T10:42:47.558+0000] {dagbag.py:386} ERROR - Failed to import: /opt/airflow/dags/weather_extract_only_Operators.py
Traceback (most recent call last):
  File "/home/airflow/.local/lib/python3.12/site-packages/airflow/models/dagbag.py", line 382, in parse
    loader.exec_module(new_module)
  File "<frozen importlib._bootstrap_external>", line 995, in exec_module
  File "<frozen importlib._bootstrap>", line 488, in _call_with_frames_removed
  File "/opt/airflow/dags/weather_extract_only_Operators.py", line 1, in <module>
    from airflow.providers.standard.operators.python import PythonOperator
ModuleNotFoundError: No module named 'airflow.providers.standard'
[2025-12-14T10:42:47.559+0000] {processor.py:927} WARNING - No viable dags retrieved from /opt/airflow/dags/weather_extract_only_Operators.py
[2025-12-14T10:42:47.584+0000] {processor.py:208} INFO - Processing /opt/airflow/dags/weather_extract_only_Operators.py took 0.039 seconds
[2025-12-14T10:43:17.662+0000] {processor.py:186} INFO - Started process (PID=618) to work on /opt/airflow/dags/weather_extract_only_Operators.py
[2025-12-14T10:43:17.666+0000] {processor.py:914} INFO - Processing file /opt/airflow/dags/weather_extract_only_Operators.py for tasks to queue
[2025-12-14T10:43:17.668+0000] {logging_mixin.py:190} INFO - [2025-12-14T10:43:17.668+0000] {dagbag.py:587} INFO - Filling up the DagBag from /opt/airflow/dags/weather_extract_only_Operators.py
[2025-12-14T10:43:17.670+0000] {logging_mixin.py:190} INFO - [2025-12-14T10:43:17.670+0000] {dagbag.py:386} ERROR - Failed to import: /opt/airflow/dags/weather_extract_only_Operators.py
Traceback (most recent call last):
  File "/home/airflow/.local/lib/python3.12/site-packages/airflow/models/dagbag.py", line 382, in parse
    loader.exec_module(new_module)
  File "<frozen importlib._bootstrap_external>", line 995, in exec_module
  File "<frozen importlib._bootstrap>", line 488, in _call_with_frames_removed
  File "/opt/airflow/dags/weather_extract_only_Operators.py", line 1, in <module>
    from airflow.providers.standard.operators.python import PythonOperator
ModuleNotFoundError: No module named 'airflow.providers.standard'
[2025-12-14T10:43:17.671+0000] {processor.py:927} WARNING - No viable dags retrieved from /opt/airflow/dags/weather_extract_only_Operators.py
[2025-12-14T10:43:17.689+0000] {processor.py:208} INFO - Processing /opt/airflow/dags/weather_extract_only_Operators.py took 0.031 seconds
[2025-12-14T10:43:48.234+0000] {processor.py:186} INFO - Started process (PID=633) to work on /opt/airflow/dags/weather_extract_only_Operators.py
[2025-12-14T10:43:48.238+0000] {processor.py:914} INFO - Processing file /opt/airflow/dags/weather_extract_only_Operators.py for tasks to queue
[2025-12-14T10:43:48.241+0000] {logging_mixin.py:190} INFO - [2025-12-14T10:43:48.240+0000] {dagbag.py:587} INFO - Filling up the DagBag from /opt/airflow/dags/weather_extract_only_Operators.py
[2025-12-14T10:43:48.244+0000] {logging_mixin.py:190} INFO - [2025-12-14T10:43:48.243+0000] {dagbag.py:386} ERROR - Failed to import: /opt/airflow/dags/weather_extract_only_Operators.py
Traceback (most recent call last):
  File "/home/airflow/.local/lib/python3.12/site-packages/airflow/models/dagbag.py", line 382, in parse
    loader.exec_module(new_module)
  File "<frozen importlib._bootstrap_external>", line 995, in exec_module
  File "<frozen importlib._bootstrap>", line 488, in _call_with_frames_removed
  File "/opt/airflow/dags/weather_extract_only_Operators.py", line 1, in <module>
    from airflow.providers.standard.operators.python import PythonOperator
ModuleNotFoundError: No module named 'airflow.providers.standard'
[2025-12-14T10:43:48.244+0000] {processor.py:927} WARNING - No viable dags retrieved from /opt/airflow/dags/weather_extract_only_Operators.py
[2025-12-14T10:43:48.269+0000] {processor.py:208} INFO - Processing /opt/airflow/dags/weather_extract_only_Operators.py took 0.042 seconds
[2025-12-14T10:44:18.702+0000] {processor.py:186} INFO - Started process (PID=648) to work on /opt/airflow/dags/weather_extract_only_Operators.py
[2025-12-14T10:44:18.706+0000] {processor.py:914} INFO - Processing file /opt/airflow/dags/weather_extract_only_Operators.py for tasks to queue
[2025-12-14T10:44:18.708+0000] {logging_mixin.py:190} INFO - [2025-12-14T10:44:18.707+0000] {dagbag.py:587} INFO - Filling up the DagBag from /opt/airflow/dags/weather_extract_only_Operators.py
[2025-12-14T10:44:18.710+0000] {logging_mixin.py:190} INFO - [2025-12-14T10:44:18.709+0000] {dagbag.py:386} ERROR - Failed to import: /opt/airflow/dags/weather_extract_only_Operators.py
Traceback (most recent call last):
  File "/home/airflow/.local/lib/python3.12/site-packages/airflow/models/dagbag.py", line 382, in parse
    loader.exec_module(new_module)
  File "<frozen importlib._bootstrap_external>", line 995, in exec_module
  File "<frozen importlib._bootstrap>", line 488, in _call_with_frames_removed
  File "/opt/airflow/dags/weather_extract_only_Operators.py", line 1, in <module>
    from airflow.providers.standard.operators.python import PythonOperator
ModuleNotFoundError: No module named 'airflow.providers.standard'
[2025-12-14T10:44:18.710+0000] {processor.py:927} WARNING - No viable dags retrieved from /opt/airflow/dags/weather_extract_only_Operators.py
[2025-12-14T10:44:18.730+0000] {processor.py:208} INFO - Processing /opt/airflow/dags/weather_extract_only_Operators.py took 0.033 seconds
[2025-12-14T10:44:49.225+0000] {processor.py:186} INFO - Started process (PID=663) to work on /opt/airflow/dags/weather_extract_only_Operators.py
[2025-12-14T10:44:49.227+0000] {processor.py:914} INFO - Processing file /opt/airflow/dags/weather_extract_only_Operators.py for tasks to queue
[2025-12-14T10:44:49.229+0000] {logging_mixin.py:190} INFO - [2025-12-14T10:44:49.228+0000] {dagbag.py:587} INFO - Filling up the DagBag from /opt/airflow/dags/weather_extract_only_Operators.py
[2025-12-14T10:44:49.232+0000] {logging_mixin.py:190} INFO - [2025-12-14T10:44:49.231+0000] {dagbag.py:386} ERROR - Failed to import: /opt/airflow/dags/weather_extract_only_Operators.py
Traceback (most recent call last):
  File "/home/airflow/.local/lib/python3.12/site-packages/airflow/models/dagbag.py", line 382, in parse
    loader.exec_module(new_module)
  File "<frozen importlib._bootstrap_external>", line 995, in exec_module
  File "<frozen importlib._bootstrap>", line 488, in _call_with_frames_removed
  File "/opt/airflow/dags/weather_extract_only_Operators.py", line 1, in <module>
    from airflow.providers.standard.operators.python import PythonOperator
ModuleNotFoundError: No module named 'airflow.providers.standard'
[2025-12-14T10:44:49.232+0000] {processor.py:927} WARNING - No viable dags retrieved from /opt/airflow/dags/weather_extract_only_Operators.py
[2025-12-14T10:44:49.254+0000] {processor.py:208} INFO - Processing /opt/airflow/dags/weather_extract_only_Operators.py took 0.034 seconds
[2025-12-14T10:45:19.800+0000] {processor.py:186} INFO - Started process (PID=678) to work on /opt/airflow/dags/weather_extract_only_Operators.py
[2025-12-14T10:45:19.801+0000] {processor.py:914} INFO - Processing file /opt/airflow/dags/weather_extract_only_Operators.py for tasks to queue
[2025-12-14T10:45:19.802+0000] {logging_mixin.py:190} INFO - [2025-12-14T10:45:19.802+0000] {dagbag.py:587} INFO - Filling up the DagBag from /opt/airflow/dags/weather_extract_only_Operators.py
[2025-12-14T10:45:19.804+0000] {logging_mixin.py:190} INFO - [2025-12-14T10:45:19.804+0000] {dagbag.py:386} ERROR - Failed to import: /opt/airflow/dags/weather_extract_only_Operators.py
Traceback (most recent call last):
  File "/home/airflow/.local/lib/python3.12/site-packages/airflow/models/dagbag.py", line 382, in parse
    loader.exec_module(new_module)
  File "<frozen importlib._bootstrap_external>", line 995, in exec_module
  File "<frozen importlib._bootstrap>", line 488, in _call_with_frames_removed
  File "/opt/airflow/dags/weather_extract_only_Operators.py", line 1, in <module>
    from airflow.providers.standard.operators.python import PythonOperator
ModuleNotFoundError: No module named 'airflow.providers.standard'
[2025-12-14T10:45:19.805+0000] {processor.py:927} WARNING - No viable dags retrieved from /opt/airflow/dags/weather_extract_only_Operators.py
[2025-12-14T10:45:19.824+0000] {processor.py:208} INFO - Processing /opt/airflow/dags/weather_extract_only_Operators.py took 0.028 seconds
[2025-12-14T10:45:40.979+0000] {processor.py:186} INFO - Started process (PID=688) to work on /opt/airflow/dags/weather_extract_only_Operators.py
[2025-12-14T10:45:40.981+0000] {processor.py:914} INFO - Processing file /opt/airflow/dags/weather_extract_only_Operators.py for tasks to queue
[2025-12-14T10:45:40.984+0000] {logging_mixin.py:190} INFO - [2025-12-14T10:45:40.983+0000] {dagbag.py:587} INFO - Filling up the DagBag from /opt/airflow/dags/weather_extract_only_Operators.py
[2025-12-14T10:45:40.993+0000] {processor.py:925} INFO - DAG(s) 'weather-extract_only' retrieved from /opt/airflow/dags/weather_extract_only_Operators.py
[2025-12-14T10:45:41.083+0000] {logging_mixin.py:190} INFO - [2025-12-14T10:45:41.082+0000] {override.py:1900} INFO - Created Permission View: can delete on DAG:weather-extract_only
[2025-12-14T10:45:41.090+0000] {logging_mixin.py:190} INFO - [2025-12-14T10:45:41.090+0000] {override.py:1900} INFO - Created Permission View: can edit on DAG:weather-extract_only
[2025-12-14T10:45:41.094+0000] {logging_mixin.py:190} INFO - [2025-12-14T10:45:41.094+0000] {override.py:1900} INFO - Created Permission View: can read on DAG:weather-extract_only
[2025-12-14T10:45:41.101+0000] {logging_mixin.py:190} INFO - [2025-12-14T10:45:41.101+0000] {override.py:1900} INFO - Created Permission View: can create on DAG Run:weather-extract_only
[2025-12-14T10:45:41.106+0000] {logging_mixin.py:190} INFO - [2025-12-14T10:45:41.106+0000] {override.py:1900} INFO - Created Permission View: can delete on DAG Run:weather-extract_only
[2025-12-14T10:45:41.110+0000] {logging_mixin.py:190} INFO - [2025-12-14T10:45:41.110+0000] {override.py:1900} INFO - Created Permission View: menu access on DAG Run:weather-extract_only
[2025-12-14T10:45:41.115+0000] {logging_mixin.py:190} INFO - [2025-12-14T10:45:41.115+0000] {override.py:1900} INFO - Created Permission View: can read on DAG Run:weather-extract_only
[2025-12-14T10:45:41.115+0000] {logging_mixin.py:190} INFO - [2025-12-14T10:45:41.115+0000] {dag.py:3229} INFO - Sync 1 DAGs
[2025-12-14T10:45:41.126+0000] {logging_mixin.py:190} INFO - [2025-12-14T10:45:41.125+0000] {dag.py:3252} INFO - Creating ORM DAG for weather-extract_only
[2025-12-14T10:45:41.283+0000] {logging_mixin.py:190} INFO - [2025-12-14T10:45:41.283+0000] {dag.py:4156} INFO - Setting next_dagrun for weather-extract_only to 2025-12-14 09:00:00+00:00, run_after=2025-12-14 10:00:00+00:00
[2025-12-14T10:45:41.297+0000] {processor.py:208} INFO - Processing /opt/airflow/dags/weather_extract_only_Operators.py took 0.323 seconds
[2025-12-14T10:45:42.071+0000] {processor.py:186} INFO - Started process (PID=693) to work on /opt/airflow/dags/weather_extract_only_Operators.py
[2025-12-14T10:45:42.071+0000] {processor.py:914} INFO - Processing file /opt/airflow/dags/weather_extract_only_Operators.py for tasks to queue
[2025-12-14T10:45:42.073+0000] {logging_mixin.py:190} INFO - [2025-12-14T10:45:42.073+0000] {dagbag.py:587} INFO - Filling up the DagBag from /opt/airflow/dags/weather_extract_only_Operators.py
[2025-12-14T10:45:42.082+0000] {processor.py:925} INFO - DAG(s) 'weather-extract_only' retrieved from /opt/airflow/dags/weather_extract_only_Operators.py
[2025-12-14T10:45:42.097+0000] {logging_mixin.py:190} INFO - [2025-12-14T10:45:42.097+0000] {dag.py:3229} INFO - Sync 1 DAGs
[2025-12-14T10:45:42.120+0000] {logging_mixin.py:190} INFO - [2025-12-14T10:45:42.120+0000] {dag.py:4156} INFO - Setting next_dagrun for weather-extract_only to 2025-12-14 09:00:00+00:00, run_after=2025-12-14 10:00:00+00:00
[2025-12-14T10:45:42.141+0000] {processor.py:208} INFO - Processing /opt/airflow/dags/weather_extract_only_Operators.py took 0.075 seconds
[2025-12-14T10:46:07.124+0000] {processor.py:186} INFO - Started process (PID=708) to work on /opt/airflow/dags/weather_extract_only_Operators.py
[2025-12-14T10:46:07.125+0000] {processor.py:914} INFO - Processing file /opt/airflow/dags/weather_extract_only_Operators.py for tasks to queue
[2025-12-14T10:46:07.128+0000] {logging_mixin.py:190} INFO - [2025-12-14T10:46:07.127+0000] {dagbag.py:587} INFO - Filling up the DagBag from /opt/airflow/dags/weather_extract_only_Operators.py
[2025-12-14T10:46:07.136+0000] {processor.py:925} INFO - DAG(s) 'weather-extract_only_Operators' retrieved from /opt/airflow/dags/weather_extract_only_Operators.py
[2025-12-14T10:46:07.236+0000] {logging_mixin.py:190} INFO - [2025-12-14T10:46:07.236+0000] {override.py:1900} INFO - Created Permission View: can delete on DAG:weather-extract_only_Operators
[2025-12-14T10:46:07.245+0000] {logging_mixin.py:190} INFO - [2025-12-14T10:46:07.245+0000] {override.py:1900} INFO - Created Permission View: can edit on DAG:weather-extract_only_Operators
[2025-12-14T10:46:07.251+0000] {logging_mixin.py:190} INFO - [2025-12-14T10:46:07.251+0000] {override.py:1900} INFO - Created Permission View: can read on DAG:weather-extract_only_Operators
[2025-12-14T10:46:07.257+0000] {logging_mixin.py:190} INFO - [2025-12-14T10:46:07.257+0000] {override.py:1900} INFO - Created Permission View: can create on DAG Run:weather-extract_only_Operators
[2025-12-14T10:46:07.262+0000] {logging_mixin.py:190} INFO - [2025-12-14T10:46:07.262+0000] {override.py:1900} INFO - Created Permission View: can delete on DAG Run:weather-extract_only_Operators
[2025-12-14T10:46:07.267+0000] {logging_mixin.py:190} INFO - [2025-12-14T10:46:07.267+0000] {override.py:1900} INFO - Created Permission View: menu access on DAG Run:weather-extract_only_Operators
[2025-12-14T10:46:07.273+0000] {logging_mixin.py:190} INFO - [2025-12-14T10:46:07.273+0000] {override.py:1900} INFO - Created Permission View: can read on DAG Run:weather-extract_only_Operators
[2025-12-14T10:46:07.274+0000] {logging_mixin.py:190} INFO - [2025-12-14T10:46:07.274+0000] {dag.py:3229} INFO - Sync 1 DAGs
[2025-12-14T10:46:07.450+0000] {logging_mixin.py:190} INFO - [2025-12-14T10:46:07.449+0000] {dag.py:3252} INFO - Creating ORM DAG for weather-extract_only_Operators
[2025-12-14T10:46:07.460+0000] {logging_mixin.py:190} INFO - [2025-12-14T10:46:07.459+0000] {dag.py:4156} INFO - Setting next_dagrun for weather-extract_only_Operators to 2025-12-14 09:00:00+00:00, run_after=2025-12-14 10:00:00+00:00
[2025-12-14T10:46:07.480+0000] {processor.py:208} INFO - Processing /opt/airflow/dags/weather_extract_only_Operators.py took 0.362 seconds
[2025-12-14T10:46:38.327+0000] {processor.py:186} INFO - Started process (PID=723) to work on /opt/airflow/dags/weather_extract_only_Operators.py
[2025-12-14T10:46:38.331+0000] {processor.py:914} INFO - Processing file /opt/airflow/dags/weather_extract_only_Operators.py for tasks to queue
[2025-12-14T10:46:38.333+0000] {logging_mixin.py:190} INFO - [2025-12-14T10:46:38.333+0000] {dagbag.py:587} INFO - Filling up the DagBag from /opt/airflow/dags/weather_extract_only_Operators.py
[2025-12-14T10:46:38.341+0000] {processor.py:925} INFO - DAG(s) 'weather-extract_only_Operators' retrieved from /opt/airflow/dags/weather_extract_only_Operators.py
[2025-12-14T10:46:38.366+0000] {logging_mixin.py:190} INFO - [2025-12-14T10:46:38.366+0000] {dag.py:3229} INFO - Sync 1 DAGs
[2025-12-14T10:46:38.386+0000] {logging_mixin.py:190} INFO - [2025-12-14T10:46:38.386+0000] {dag.py:4156} INFO - Setting next_dagrun for weather-extract_only_Operators to 2025-12-14 09:00:00+00:00, run_after=2025-12-14 10:00:00+00:00
[2025-12-14T10:46:38.400+0000] {processor.py:208} INFO - Processing /opt/airflow/dags/weather_extract_only_Operators.py took 0.077 seconds
[2025-12-14T10:47:08.543+0000] {processor.py:186} INFO - Started process (PID=738) to work on /opt/airflow/dags/weather_extract_only_Operators.py
[2025-12-14T10:47:08.544+0000] {processor.py:914} INFO - Processing file /opt/airflow/dags/weather_extract_only_Operators.py for tasks to queue
[2025-12-14T10:47:08.545+0000] {logging_mixin.py:190} INFO - [2025-12-14T10:47:08.545+0000] {dagbag.py:587} INFO - Filling up the DagBag from /opt/airflow/dags/weather_extract_only_Operators.py
[2025-12-14T10:47:08.552+0000] {processor.py:925} INFO - DAG(s) 'weather-extract_only_Operators' retrieved from /opt/airflow/dags/weather_extract_only_Operators.py
[2025-12-14T10:47:08.574+0000] {logging_mixin.py:190} INFO - [2025-12-14T10:47:08.574+0000] {dag.py:3229} INFO - Sync 1 DAGs
[2025-12-14T10:47:08.593+0000] {logging_mixin.py:190} INFO - [2025-12-14T10:47:08.593+0000] {dag.py:4156} INFO - Setting next_dagrun for weather-extract_only_Operators to 2025-12-14 09:00:00+00:00, run_after=2025-12-14 10:00:00+00:00
[2025-12-14T10:47:08.608+0000] {processor.py:208} INFO - Processing /opt/airflow/dags/weather_extract_only_Operators.py took 0.069 seconds
[2025-12-14T10:47:39.597+0000] {processor.py:186} INFO - Started process (PID=753) to work on /opt/airflow/dags/weather_extract_only_Operators.py
[2025-12-14T10:47:39.598+0000] {processor.py:914} INFO - Processing file /opt/airflow/dags/weather_extract_only_Operators.py for tasks to queue
[2025-12-14T10:47:39.599+0000] {logging_mixin.py:190} INFO - [2025-12-14T10:47:39.599+0000] {dagbag.py:587} INFO - Filling up the DagBag from /opt/airflow/dags/weather_extract_only_Operators.py
[2025-12-14T10:47:39.607+0000] {processor.py:925} INFO - DAG(s) 'weather-extract_only_Operators' retrieved from /opt/airflow/dags/weather_extract_only_Operators.py
[2025-12-14T10:47:39.638+0000] {logging_mixin.py:190} INFO - [2025-12-14T10:47:39.638+0000] {dag.py:3229} INFO - Sync 1 DAGs
[2025-12-14T10:47:39.664+0000] {logging_mixin.py:190} INFO - [2025-12-14T10:47:39.664+0000] {dag.py:4156} INFO - Setting next_dagrun for weather-extract_only_Operators to 2025-12-14 09:00:00+00:00, run_after=2025-12-14 10:00:00+00:00
[2025-12-14T10:47:39.684+0000] {processor.py:208} INFO - Processing /opt/airflow/dags/weather_extract_only_Operators.py took 0.092 seconds
[2025-12-14T10:48:09.718+0000] {processor.py:186} INFO - Started process (PID=768) to work on /opt/airflow/dags/weather_extract_only_Operators.py
[2025-12-14T10:48:09.719+0000] {processor.py:914} INFO - Processing file /opt/airflow/dags/weather_extract_only_Operators.py for tasks to queue
[2025-12-14T10:48:09.721+0000] {logging_mixin.py:190} INFO - [2025-12-14T10:48:09.720+0000] {dagbag.py:587} INFO - Filling up the DagBag from /opt/airflow/dags/weather_extract_only_Operators.py
[2025-12-14T10:48:09.731+0000] {processor.py:925} INFO - DAG(s) 'weather-extract_only_Operators' retrieved from /opt/airflow/dags/weather_extract_only_Operators.py
[2025-12-14T10:48:09.760+0000] {logging_mixin.py:190} INFO - [2025-12-14T10:48:09.759+0000] {dag.py:3229} INFO - Sync 1 DAGs
[2025-12-14T10:48:09.783+0000] {logging_mixin.py:190} INFO - [2025-12-14T10:48:09.783+0000] {dag.py:4156} INFO - Setting next_dagrun for weather-extract_only_Operators to 2025-12-14 09:00:00+00:00, run_after=2025-12-14 10:00:00+00:00
[2025-12-14T10:48:09.800+0000] {processor.py:208} INFO - Processing /opt/airflow/dags/weather_extract_only_Operators.py took 0.088 seconds
[2025-12-14T10:48:39.951+0000] {processor.py:186} INFO - Started process (PID=783) to work on /opt/airflow/dags/weather_extract_only_Operators.py
[2025-12-14T10:48:39.952+0000] {processor.py:914} INFO - Processing file /opt/airflow/dags/weather_extract_only_Operators.py for tasks to queue
[2025-12-14T10:48:39.953+0000] {logging_mixin.py:190} INFO - [2025-12-14T10:48:39.953+0000] {dagbag.py:587} INFO - Filling up the DagBag from /opt/airflow/dags/weather_extract_only_Operators.py
[2025-12-14T10:48:39.960+0000] {processor.py:925} INFO - DAG(s) 'weather-extract_only_Operators' retrieved from /opt/airflow/dags/weather_extract_only_Operators.py
[2025-12-14T10:48:39.985+0000] {logging_mixin.py:190} INFO - [2025-12-14T10:48:39.985+0000] {dag.py:3229} INFO - Sync 1 DAGs
[2025-12-14T10:48:40.013+0000] {logging_mixin.py:190} INFO - [2025-12-14T10:48:40.013+0000] {dag.py:4156} INFO - Setting next_dagrun for weather-extract_only_Operators to 2025-12-14 09:00:00+00:00, run_after=2025-12-14 10:00:00+00:00
[2025-12-14T10:48:40.031+0000] {processor.py:208} INFO - Processing /opt/airflow/dags/weather_extract_only_Operators.py took 0.084 seconds
[2025-12-14T10:49:10.119+0000] {processor.py:186} INFO - Started process (PID=798) to work on /opt/airflow/dags/weather_extract_only_Operators.py
[2025-12-14T10:49:10.119+0000] {processor.py:914} INFO - Processing file /opt/airflow/dags/weather_extract_only_Operators.py for tasks to queue
[2025-12-14T10:49:10.120+0000] {logging_mixin.py:190} INFO - [2025-12-14T10:49:10.120+0000] {dagbag.py:587} INFO - Filling up the DagBag from /opt/airflow/dags/weather_extract_only_Operators.py
[2025-12-14T10:49:10.126+0000] {processor.py:925} INFO - DAG(s) 'weather-extract_only_Operators' retrieved from /opt/airflow/dags/weather_extract_only_Operators.py
[2025-12-14T10:49:10.148+0000] {logging_mixin.py:190} INFO - [2025-12-14T10:49:10.148+0000] {dag.py:3229} INFO - Sync 1 DAGs
[2025-12-14T10:49:10.170+0000] {logging_mixin.py:190} INFO - [2025-12-14T10:49:10.170+0000] {dag.py:4156} INFO - Setting next_dagrun for weather-extract_only_Operators to 2025-12-14 09:00:00+00:00, run_after=2025-12-14 10:00:00+00:00
[2025-12-14T10:49:10.183+0000] {processor.py:208} INFO - Processing /opt/airflow/dags/weather_extract_only_Operators.py took 0.068 seconds
[2025-12-14T10:49:40.251+0000] {processor.py:186} INFO - Started process (PID=813) to work on /opt/airflow/dags/weather_extract_only_Operators.py
[2025-12-14T10:49:40.255+0000] {processor.py:914} INFO - Processing file /opt/airflow/dags/weather_extract_only_Operators.py for tasks to queue
[2025-12-14T10:49:40.256+0000] {logging_mixin.py:190} INFO - [2025-12-14T10:49:40.256+0000] {dagbag.py:587} INFO - Filling up the DagBag from /opt/airflow/dags/weather_extract_only_Operators.py
[2025-12-14T10:49:40.263+0000] {processor.py:925} INFO - DAG(s) 'weather-extract_only_Operators' retrieved from /opt/airflow/dags/weather_extract_only_Operators.py
[2025-12-14T10:49:40.286+0000] {logging_mixin.py:190} INFO - [2025-12-14T10:49:40.286+0000] {dag.py:3229} INFO - Sync 1 DAGs
[2025-12-14T10:49:40.304+0000] {logging_mixin.py:190} INFO - [2025-12-14T10:49:40.304+0000] {dag.py:4156} INFO - Setting next_dagrun for weather-extract_only_Operators to 2025-12-14 09:00:00+00:00, run_after=2025-12-14 10:00:00+00:00
[2025-12-14T10:49:40.318+0000] {processor.py:208} INFO - Processing /opt/airflow/dags/weather_extract_only_Operators.py took 0.072 seconds
[2025-12-14T10:50:10.422+0000] {processor.py:186} INFO - Started process (PID=828) to work on /opt/airflow/dags/weather_extract_only_Operators.py
[2025-12-14T10:50:10.423+0000] {processor.py:914} INFO - Processing file /opt/airflow/dags/weather_extract_only_Operators.py for tasks to queue
[2025-12-14T10:50:10.424+0000] {logging_mixin.py:190} INFO - [2025-12-14T10:50:10.423+0000] {dagbag.py:587} INFO - Filling up the DagBag from /opt/airflow/dags/weather_extract_only_Operators.py
[2025-12-14T10:50:10.430+0000] {processor.py:925} INFO - DAG(s) 'weather-extract_only_Operators' retrieved from /opt/airflow/dags/weather_extract_only_Operators.py
[2025-12-14T10:50:10.453+0000] {logging_mixin.py:190} INFO - [2025-12-14T10:50:10.453+0000] {dag.py:3229} INFO - Sync 1 DAGs
[2025-12-14T10:50:10.475+0000] {logging_mixin.py:190} INFO - [2025-12-14T10:50:10.475+0000] {dag.py:4156} INFO - Setting next_dagrun for weather-extract_only_Operators to 2025-12-14 09:00:00+00:00, run_after=2025-12-14 10:00:00+00:00
[2025-12-14T10:50:10.490+0000] {processor.py:208} INFO - Processing /opt/airflow/dags/weather_extract_only_Operators.py took 0.072 seconds
[2025-12-14T10:50:40.628+0000] {processor.py:186} INFO - Started process (PID=843) to work on /opt/airflow/dags/weather_extract_only_Operators.py
[2025-12-14T10:50:40.629+0000] {processor.py:914} INFO - Processing file /opt/airflow/dags/weather_extract_only_Operators.py for tasks to queue
[2025-12-14T10:50:40.630+0000] {logging_mixin.py:190} INFO - [2025-12-14T10:50:40.630+0000] {dagbag.py:587} INFO - Filling up the DagBag from /opt/airflow/dags/weather_extract_only_Operators.py
[2025-12-14T10:50:40.638+0000] {processor.py:925} INFO - DAG(s) 'weather-extract_only_Operators' retrieved from /opt/airflow/dags/weather_extract_only_Operators.py
[2025-12-14T10:50:40.662+0000] {logging_mixin.py:190} INFO - [2025-12-14T10:50:40.661+0000] {dag.py:3229} INFO - Sync 1 DAGs
[2025-12-14T10:50:40.682+0000] {logging_mixin.py:190} INFO - [2025-12-14T10:50:40.682+0000] {dag.py:4156} INFO - Setting next_dagrun for weather-extract_only_Operators to 2025-12-14 09:00:00+00:00, run_after=2025-12-14 10:00:00+00:00
[2025-12-14T10:50:40.697+0000] {processor.py:208} INFO - Processing /opt/airflow/dags/weather_extract_only_Operators.py took 0.074 seconds
[2025-12-14T10:51:10.757+0000] {processor.py:186} INFO - Started process (PID=858) to work on /opt/airflow/dags/weather_extract_only_Operators.py
[2025-12-14T10:51:10.758+0000] {processor.py:914} INFO - Processing file /opt/airflow/dags/weather_extract_only_Operators.py for tasks to queue
[2025-12-14T10:51:10.758+0000] {logging_mixin.py:190} INFO - [2025-12-14T10:51:10.758+0000] {dagbag.py:587} INFO - Filling up the DagBag from /opt/airflow/dags/weather_extract_only_Operators.py
[2025-12-14T10:51:10.765+0000] {processor.py:925} INFO - DAG(s) 'weather-extract_only_Operators' retrieved from /opt/airflow/dags/weather_extract_only_Operators.py
[2025-12-14T10:51:10.789+0000] {logging_mixin.py:190} INFO - [2025-12-14T10:51:10.788+0000] {dag.py:3229} INFO - Sync 1 DAGs
[2025-12-14T10:51:10.809+0000] {logging_mixin.py:190} INFO - [2025-12-14T10:51:10.809+0000] {dag.py:4156} INFO - Setting next_dagrun for weather-extract_only_Operators to 2025-12-14 09:00:00+00:00, run_after=2025-12-14 10:00:00+00:00
[2025-12-14T10:51:10.824+0000] {processor.py:208} INFO - Processing /opt/airflow/dags/weather_extract_only_Operators.py took 0.071 seconds
[2025-12-14T10:51:40.930+0000] {processor.py:186} INFO - Started process (PID=873) to work on /opt/airflow/dags/weather_extract_only_Operators.py
[2025-12-14T10:51:40.932+0000] {processor.py:914} INFO - Processing file /opt/airflow/dags/weather_extract_only_Operators.py for tasks to queue
[2025-12-14T10:51:40.933+0000] {logging_mixin.py:190} INFO - [2025-12-14T10:51:40.933+0000] {dagbag.py:587} INFO - Filling up the DagBag from /opt/airflow/dags/weather_extract_only_Operators.py
[2025-12-14T10:51:40.942+0000] {processor.py:925} INFO - DAG(s) 'weather-extract_only_Operators' retrieved from /opt/airflow/dags/weather_extract_only_Operators.py
[2025-12-14T10:51:40.968+0000] {logging_mixin.py:190} INFO - [2025-12-14T10:51:40.967+0000] {dag.py:3229} INFO - Sync 1 DAGs
[2025-12-14T10:51:40.988+0000] {logging_mixin.py:190} INFO - [2025-12-14T10:51:40.988+0000] {dag.py:4156} INFO - Setting next_dagrun for weather-extract_only_Operators to 2025-12-14 09:00:00+00:00, run_after=2025-12-14 10:00:00+00:00
[2025-12-14T10:51:41.004+0000] {processor.py:208} INFO - Processing /opt/airflow/dags/weather_extract_only_Operators.py took 0.078 seconds
[2025-12-14T10:52:11.052+0000] {processor.py:186} INFO - Started process (PID=888) to work on /opt/airflow/dags/weather_extract_only_Operators.py
[2025-12-14T10:52:11.052+0000] {processor.py:914} INFO - Processing file /opt/airflow/dags/weather_extract_only_Operators.py for tasks to queue
[2025-12-14T10:52:11.053+0000] {logging_mixin.py:190} INFO - [2025-12-14T10:52:11.053+0000] {dagbag.py:587} INFO - Filling up the DagBag from /opt/airflow/dags/weather_extract_only_Operators.py
[2025-12-14T10:52:11.062+0000] {processor.py:925} INFO - DAG(s) 'weather-extract_only_Operators' retrieved from /opt/airflow/dags/weather_extract_only_Operators.py
[2025-12-14T10:52:11.093+0000] {logging_mixin.py:190} INFO - [2025-12-14T10:52:11.093+0000] {dag.py:3229} INFO - Sync 1 DAGs
[2025-12-14T10:52:11.117+0000] {logging_mixin.py:190} INFO - [2025-12-14T10:52:11.117+0000] {dag.py:4156} INFO - Setting next_dagrun for weather-extract_only_Operators to 2025-12-14 09:00:00+00:00, run_after=2025-12-14 10:00:00+00:00
[2025-12-14T10:52:11.139+0000] {processor.py:208} INFO - Processing /opt/airflow/dags/weather_extract_only_Operators.py took 0.093 seconds
[2025-12-14T10:52:41.296+0000] {processor.py:186} INFO - Started process (PID=903) to work on /opt/airflow/dags/weather_extract_only_Operators.py
[2025-12-14T10:52:41.300+0000] {processor.py:914} INFO - Processing file /opt/airflow/dags/weather_extract_only_Operators.py for tasks to queue
[2025-12-14T10:52:41.301+0000] {logging_mixin.py:190} INFO - [2025-12-14T10:52:41.301+0000] {dagbag.py:587} INFO - Filling up the DagBag from /opt/airflow/dags/weather_extract_only_Operators.py
[2025-12-14T10:52:41.307+0000] {processor.py:925} INFO - DAG(s) 'weather-extract_only_Operators' retrieved from /opt/airflow/dags/weather_extract_only_Operators.py
[2025-12-14T10:52:41.334+0000] {logging_mixin.py:190} INFO - [2025-12-14T10:52:41.334+0000] {dag.py:3229} INFO - Sync 1 DAGs
[2025-12-14T10:52:41.356+0000] {logging_mixin.py:190} INFO - [2025-12-14T10:52:41.355+0000] {dag.py:4156} INFO - Setting next_dagrun for weather-extract_only_Operators to 2025-12-14 09:00:00+00:00, run_after=2025-12-14 10:00:00+00:00
[2025-12-14T10:52:41.370+0000] {processor.py:208} INFO - Processing /opt/airflow/dags/weather_extract_only_Operators.py took 0.079 seconds
[2025-12-14T10:53:11.523+0000] {processor.py:186} INFO - Started process (PID=918) to work on /opt/airflow/dags/weather_extract_only_Operators.py
[2025-12-14T10:53:11.524+0000] {processor.py:914} INFO - Processing file /opt/airflow/dags/weather_extract_only_Operators.py for tasks to queue
[2025-12-14T10:53:11.525+0000] {logging_mixin.py:190} INFO - [2025-12-14T10:53:11.524+0000] {dagbag.py:587} INFO - Filling up the DagBag from /opt/airflow/dags/weather_extract_only_Operators.py
[2025-12-14T10:53:11.531+0000] {processor.py:925} INFO - DAG(s) 'weather-extract_only_Operators' retrieved from /opt/airflow/dags/weather_extract_only_Operators.py
[2025-12-14T10:53:11.558+0000] {logging_mixin.py:190} INFO - [2025-12-14T10:53:11.557+0000] {dag.py:3229} INFO - Sync 1 DAGs
[2025-12-14T10:53:11.583+0000] {logging_mixin.py:190} INFO - [2025-12-14T10:53:11.583+0000] {dag.py:4156} INFO - Setting next_dagrun for weather-extract_only_Operators to 2025-12-14 09:00:00+00:00, run_after=2025-12-14 10:00:00+00:00
[2025-12-14T10:53:11.603+0000] {processor.py:208} INFO - Processing /opt/airflow/dags/weather_extract_only_Operators.py took 0.084 seconds
